 INFO [main] (Cooja.java:1316) - > Starting Cooja
 INFO [main] (Cooja.java:2857) - External tools default settings: /external_tools_linux_64.config
 INFO [main] (Cooja.java:2887) - External tools user settings: /home/mavialp/.cooja.user.properties
FATAL [main] (Cooja.java:1941) - No plugin class: class org.contikios.cooja.plugins.CollectViewFull: org/jfree/data/time/RegularTimePeriod
 INFO [main] (Simulation.java:422) - Simulation random seed: 11111
 INFO [main] (CompileContiki.java:140) - > make border-router-server.exp5438 TARGET=exp5438 
Message:
Message:> make border-router-server.exp5438 TARGET=exp5438 
Message:make: git: No such file or directory
Message:make: 'border-router-server.exp5438' is up to date.
 INFO [main] (CompileContiki.java:140) - > make border-router-client.exp5438 TARGET=exp5438 
Message:
Message:> make border-router-client.exp5438 TARGET=exp5438 
Message:make: git: No such file or directory
Message:make: 'border-router-client.exp5438' is up to date.
 INFO [main] (CompileContiki.java:140) - > make border-router-collector.exp5438 TARGET=exp5438 
Message:
Message:> make border-router-collector.exp5438 TARGET=exp5438 
Message:make: git: No such file or directory
Message:make: 'border-router-collector.exp5438' is up to date.
 INFO [main] (MspMote.java:235) - Loading firmware from: /home/mavialp/Desktop/IDAP 2026 GOKHAN./IDAP 2026 GOKHAN/kodlar/proposed/6tisch-ng-sra/examples/tsch/rpl-udp/border-router-server/border-router-server.exp5438
 INFO [main] (MspMote.java:235) - Loading firmware from: /home/mavialp/Desktop/IDAP 2026 GOKHAN./IDAP 2026 GOKHAN/kodlar/proposed/6tisch-ng-sra/examples/tsch/rpl-udp/border-router-client/border-router-client.exp5438
 INFO [main] (MspMote.java:235) - Loading firmware from: /home/mavialp/Desktop/IDAP 2026 GOKHAN./IDAP 2026 GOKHAN/kodlar/proposed/6tisch-ng-sra/examples/tsch/rpl-udp/border-router-client/border-router-client.exp5438
 INFO [main] (MspMote.java:235) - Loading firmware from: /home/mavialp/Desktop/IDAP 2026 GOKHAN./IDAP 2026 GOKHAN/kodlar/proposed/6tisch-ng-sra/examples/tsch/rpl-udp/border-router-client/border-router-client.exp5438
 INFO [main] (MspMote.java:235) - Loading firmware from: /home/mavialp/Desktop/IDAP 2026 GOKHAN./IDAP 2026 GOKHAN/kodlar/proposed/6tisch-ng-sra/examples/tsch/rpl-udp/border-router-client/border-router-client.exp5438
 INFO [main] (MspMote.java:235) - Loading firmware from: /home/mavialp/Desktop/IDAP 2026 GOKHAN./IDAP 2026 GOKHAN/kodlar/proposed/6tisch-ng-sra/examples/tsch/rpl-udp/border-router-client/border-router-client.exp5438
 INFO [main] (MspMote.java:235) - Loading firmware from: /home/mavialp/Desktop/IDAP 2026 GOKHAN./IDAP 2026 GOKHAN/kodlar/proposed/6tisch-ng-sra/examples/tsch/rpl-udp/border-router-client/border-router-client.exp5438
 INFO [main] (MspMote.java:235) - Loading firmware from: /home/mavialp/Desktop/IDAP 2026 GOKHAN./IDAP 2026 GOKHAN/kodlar/proposed/6tisch-ng-sra/examples/tsch/rpl-udp/border-router-client/border-router-client.exp5438
 INFO [main] (MspMote.java:235) - Loading firmware from: /home/mavialp/Desktop/IDAP 2026 GOKHAN./IDAP 2026 GOKHAN/kodlar/proposed/6tisch-ng-sra/examples/tsch/rpl-udp/border-router-client/border-router-client.exp5438
 INFO [main] (MspMote.java:235) - Loading firmware from: /home/mavialp/Desktop/IDAP 2026 GOKHAN./IDAP 2026 GOKHAN/kodlar/proposed/6tisch-ng-sra/examples/tsch/rpl-udp/border-router-client/border-router-client.exp5438
 INFO [main] (MspMote.java:235) - Loading firmware from: /home/mavialp/Desktop/IDAP 2026 GOKHAN./IDAP 2026 GOKHAN/kodlar/proposed/6tisch-ng-sra/examples/tsch/rpl-udp/border-router-client/border-router-client.exp5438
 INFO [main] (MspMote.java:235) - Loading firmware from: /home/mavialp/Desktop/IDAP 2026 GOKHAN./IDAP 2026 GOKHAN/kodlar/proposed/6tisch-ng-sra/examples/tsch/rpl-udp/border-router-client/border-router-client.exp5438
 INFO [main] (MspMote.java:235) - Loading firmware from: /home/mavialp/Desktop/IDAP 2026 GOKHAN./IDAP 2026 GOKHAN/kodlar/proposed/6tisch-ng-sra/examples/tsch/rpl-udp/border-router-client/border-router-client.exp5438
 INFO [main] (MspMote.java:235) - Loading firmware from: /home/mavialp/Desktop/IDAP 2026 GOKHAN./IDAP 2026 GOKHAN/kodlar/proposed/6tisch-ng-sra/examples/tsch/rpl-udp/border-router-client/border-router-client.exp5438
 INFO [main] (MspMote.java:235) - Loading firmware from: /home/mavialp/Desktop/IDAP 2026 GOKHAN./IDAP 2026 GOKHAN/kodlar/proposed/6tisch-ng-sra/examples/tsch/rpl-udp/border-router-client/border-router-client.exp5438
 INFO [main] (MspMote.java:235) - Loading firmware from: /home/mavialp/Desktop/IDAP 2026 GOKHAN./IDAP 2026 GOKHAN/kodlar/proposed/6tisch-ng-sra/examples/tsch/rpl-udp/border-router-client/border-router-client.exp5438
 INFO [main] (MspMote.java:235) - Loading firmware from: /home/mavialp/Desktop/IDAP 2026 GOKHAN./IDAP 2026 GOKHAN/kodlar/proposed/6tisch-ng-sra/examples/tsch/rpl-udp/border-router-client/border-router-client.exp5438
 INFO [main] (MspMote.java:235) - Loading firmware from: /home/mavialp/Desktop/IDAP 2026 GOKHAN./IDAP 2026 GOKHAN/kodlar/proposed/6tisch-ng-sra/examples/tsch/rpl-udp/border-router-client/border-router-client.exp5438
 INFO [main] (MspMote.java:235) - Loading firmware from: /home/mavialp/Desktop/IDAP 2026 GOKHAN./IDAP 2026 GOKHAN/kodlar/proposed/6tisch-ng-sra/examples/tsch/rpl-udp/border-router-client/border-router-client.exp5438
 INFO [main] (MspMote.java:235) - Loading firmware from: /home/mavialp/Desktop/IDAP 2026 GOKHAN./IDAP 2026 GOKHAN/kodlar/proposed/6tisch-ng-sra/examples/tsch/rpl-udp/border-router-client/border-router-client.exp5438
 INFO [main] (MspMote.java:235) - Loading firmware from: /home/mavialp/Desktop/IDAP 2026 GOKHAN./IDAP 2026 GOKHAN/kodlar/proposed/6tisch-ng-sra/examples/tsch/rpl-udp/border-router-client/border-router-client.exp5438
 INFO [main] (MspMote.java:235) - Loading firmware from: /home/mavialp/Desktop/IDAP 2026 GOKHAN./IDAP 2026 GOKHAN/kodlar/proposed/6tisch-ng-sra/examples/tsch/rpl-udp/border-router-client/border-router-client.exp5438
 INFO [main] (MspMote.java:235) - Loading firmware from: /home/mavialp/Desktop/IDAP 2026 GOKHAN./IDAP 2026 GOKHAN/kodlar/proposed/6tisch-ng-sra/examples/tsch/rpl-udp/border-router-client/border-router-client.exp5438
 INFO [main] (MspMote.java:235) - Loading firmware from: /home/mavialp/Desktop/IDAP 2026 GOKHAN./IDAP 2026 GOKHAN/kodlar/proposed/6tisch-ng-sra/examples/tsch/rpl-udp/border-router-client/border-router-client.exp5438
 INFO [main] (MspMote.java:235) - Loading firmware from: /home/mavialp/Desktop/IDAP 2026 GOKHAN./IDAP 2026 GOKHAN/kodlar/proposed/6tisch-ng-sra/examples/tsch/rpl-udp/border-router-client/border-router-client.exp5438
 INFO [main] (MspMote.java:235) - Loading firmware from: /home/mavialp/Desktop/IDAP 2026 GOKHAN./IDAP 2026 GOKHAN/kodlar/proposed/6tisch-ng-sra/examples/tsch/rpl-udp/border-router-client/border-router-client.exp5438
 INFO [main] (MspMote.java:235) - Loading firmware from: /home/mavialp/Desktop/IDAP 2026 GOKHAN./IDAP 2026 GOKHAN/kodlar/proposed/6tisch-ng-sra/examples/tsch/rpl-udp/border-router-client/border-router-client.exp5438
 INFO [main] (MspMote.java:235) - Loading firmware from: /home/mavialp/Desktop/IDAP 2026 GOKHAN./IDAP 2026 GOKHAN/kodlar/proposed/6tisch-ng-sra/examples/tsch/rpl-udp/border-router-client/border-router-client.exp5438
 INFO [main] (MspMote.java:235) - Loading firmware from: /home/mavialp/Desktop/IDAP 2026 GOKHAN./IDAP 2026 GOKHAN/kodlar/proposed/6tisch-ng-sra/examples/tsch/rpl-udp/border-router-client/border-router-client.exp5438
 INFO [main] (MspMote.java:235) - Loading firmware from: /home/mavialp/Desktop/IDAP 2026 GOKHAN./IDAP 2026 GOKHAN/kodlar/proposed/6tisch-ng-sra/examples/tsch/rpl-udp/border-router-client/border-router-client.exp5438
 INFO [main] (MspMote.java:235) - Loading firmware from: /home/mavialp/Desktop/IDAP 2026 GOKHAN./IDAP 2026 GOKHAN/kodlar/proposed/6tisch-ng-sra/examples/tsch/rpl-udp/border-router-client/border-router-client.exp5438
 INFO [main] (MspMote.java:235) - Loading firmware from: /home/mavialp/Desktop/IDAP 2026 GOKHAN./IDAP 2026 GOKHAN/kodlar/proposed/6tisch-ng-sra/examples/tsch/rpl-udp/border-router-client/border-router-client.exp5438
 INFO [main] (MspMote.java:235) - Loading firmware from: /home/mavialp/Desktop/IDAP 2026 GOKHAN./IDAP 2026 GOKHAN/kodlar/proposed/6tisch-ng-sra/examples/tsch/rpl-udp/border-router-client/border-router-client.exp5438
 INFO [main] (MspMote.java:235) - Loading firmware from: /home/mavialp/Desktop/IDAP 2026 GOKHAN./IDAP 2026 GOKHAN/kodlar/proposed/6tisch-ng-sra/examples/tsch/rpl-udp/border-router-client/border-router-client.exp5438
 INFO [main] (MspMote.java:235) - Loading firmware from: /home/mavialp/Desktop/IDAP 2026 GOKHAN./IDAP 2026 GOKHAN/kodlar/proposed/6tisch-ng-sra/examples/tsch/rpl-udp/border-router-client/border-router-client.exp5438
 INFO [main] (MspMote.java:235) - Loading firmware from: /home/mavialp/Desktop/IDAP 2026 GOKHAN./IDAP 2026 GOKHAN/kodlar/proposed/6tisch-ng-sra/examples/tsch/rpl-udp/border-router-client/border-router-client.exp5438
 INFO [main] (MspMote.java:235) - Loading firmware from: /home/mavialp/Desktop/IDAP 2026 GOKHAN./IDAP 2026 GOKHAN/kodlar/proposed/6tisch-ng-sra/examples/tsch/rpl-udp/border-router-client/border-router-client.exp5438
 INFO [main] (MspMote.java:235) - Loading firmware from: /home/mavialp/Desktop/IDAP 2026 GOKHAN./IDAP 2026 GOKHAN/kodlar/proposed/6tisch-ng-sra/examples/tsch/rpl-udp/border-router-client/border-router-client.exp5438
 INFO [main] (MspMote.java:235) - Loading firmware from: /home/mavialp/Desktop/IDAP 2026 GOKHAN./IDAP 2026 GOKHAN/kodlar/proposed/6tisch-ng-sra/examples/tsch/rpl-udp/border-router-client/border-router-client.exp5438
 INFO [main] (MspMote.java:235) - Loading firmware from: /home/mavialp/Desktop/IDAP 2026 GOKHAN./IDAP 2026 GOKHAN/kodlar/proposed/6tisch-ng-sra/examples/tsch/rpl-udp/border-router-client/border-router-client.exp5438
 INFO [main] (MspMote.java:235) - Loading firmware from: /home/mavialp/Desktop/IDAP 2026 GOKHAN./IDAP 2026 GOKHAN/kodlar/proposed/6tisch-ng-sra/examples/tsch/rpl-udp/border-router-client/border-router-client.exp5438
 INFO [main] (MspMote.java:235) - Loading firmware from: /home/mavialp/Desktop/IDAP 2026 GOKHAN./IDAP 2026 GOKHAN/kodlar/proposed/6tisch-ng-sra/examples/tsch/rpl-udp/border-router-collector/border-router-collector.exp5438
 INFO [main] (Cooja.java:1782) - Visualized plugin was not started: class org.contikios.cooja.plugins.SimControl
 INFO [main] (Cooja.java:1782) - Visualized plugin was not started: class org.contikios.cooja.plugins.Visualizer
 INFO [main] (Cooja.java:1782) - Visualized plugin was not started: class org.contikios.cooja.plugins.LogListener
 INFO [main] (Cooja.java:1782) - Visualized plugin was not started: class org.contikios.cooja.plugins.TimeLine
 INFO [main] (Mobility.java:84) - Mobility plugin started at (ms): 0
 INFO [main] (Mobility.java:116) - Parsing position file: /home/mavialp/Desktop/IDAP 2026 GOKHAN./IDAP 2026 GOKHAN/kodlar/proposed/6tisch-ng-sra/tools/cooja/apps/mobility/mdc_grid40.dat
 INFO [main] (Mobility.java:141) - Loaded 2254 positions
 INFO [main] (ScriptRunner.java:438) - Test script deactivated
 INFO [main] (LogScriptEngine.java:265) - Script timeout in 7200000 ms
 INFO [main] (ScriptRunner.java:395) - Test script activated
 INFO [Thread-3] (Simulation.java:253) - Simulation main loop started, system time: 1784321600861
 INFO [Thread-3] (LogScriptEngine.java:389) - Test script at 5.00%, done in 3665.6 sec
 INFO [Thread-3] (LogScriptEngine.java:389) - Test script at 10.00%, done in 4628.5 sec
 INFO [Thread-3] (LogScriptEngine.java:389) - Test script at 15.00%, done in 6089.3 sec
 INFO [Thread-3] (LogScriptEngine.java:389) - Test script at 20.00%, done in 6207.8 sec
Watchdog: illegal write to WDTCTL (0) from $10284 - reset!!!!
Stack Trace: number of calls: 5 PC: $10284
  watchdog_reboot (packetbuf.c) called from PC: $22b06 (elapsed: 5)
  restart_time_synchronisation (packetbuf.c) called from PC: $153e2 (elapsed: 30591)
  process_thread_foure_timesynch_process (local in 4emac-timesynch.c) called from PC: $121d0 (elapsed: 196407)
  call_process (local in process.c) called from PC: $123b4 (elapsed: 196444)
  process_run (packetbuf.c) called from PC: $05edc (elapsed: 199469)
 WARN [Thread-3] (MspMote.java:229) - 42: # Watchdog[EXECUTION]: illegal write to WDTCTL (0) from $10284 - reset!!!!
 INFO [Thread-3] (LogScriptEngine.java:389) - Test script at 25.00%, done in 6106.3 sec
Watchdog: illegal write to WDTCTL (0) from $10284 - reset!!!!
Stack Trace: number of calls: 5 PC: $10284
  watchdog_reboot (packetbuf.c) called from PC: $22b06 (elapsed: 5)
  restart_time_synchronisation (packetbuf.c) called from PC: $153e2 (elapsed: 30453)
  process_thread_foure_timesynch_process (local in 4emac-timesynch.c) called from PC: $121d0 (elapsed: 208078)
  call_process (local in process.c) called from PC: $123b4 (elapsed: 208115)
  process_run (packetbuf.c) called from PC: $05edc (elapsed: 211246)
 WARN [Thread-3] (MspMote.java:229) - 42: # Watchdog[EXECUTION]: illegal write to WDTCTL (0) from $10284 - reset!!!!
 INFO [Thread-3] (LogScriptEngine.java:389) - Test script at 30.00%, done in 5891.7 sec
Watchdog: illegal write to WDTCTL (0) from $10284 - reset!!!!
Stack Trace: number of calls: 5 PC: $10284
  watchdog_reboot (packetbuf.c) called from PC: $22b06 (elapsed: 5)
  restart_time_synchronisation (packetbuf.c) called from PC: $153e2 (elapsed: 30452)
  process_thread_foure_timesynch_process (local in 4emac-timesynch.c) called from PC: $121d0 (elapsed: 228061)
  call_process (local in process.c) called from PC: $123b4 (elapsed: 228098)
  process_run (packetbuf.c) called from PC: $05edc (elapsed: 231042)
 WARN [Thread-3] (MspMote.java:229) - 42: # Watchdog[EXECUTION]: illegal write to WDTCTL (0) from $10284 - reset!!!!
 INFO [Thread-3] (LogScriptEngine.java:389) - Test script at 35.00%, done in 5595.5 sec
Watchdog: illegal write to WDTCTL (0) from $10284 - reset!!!!
Stack Trace: number of calls: 5 PC: $10284
  watchdog_reboot (packetbuf.c) called from PC: $22b06 (elapsed: 5)
  restart_time_synchronisation (packetbuf.c) called from PC: $153e2 (elapsed: 30465)
  process_thread_foure_timesynch_process (local in 4emac-timesynch.c) called from PC: $121d0 (elapsed: 194526)
  call_process (local in process.c) called from PC: $123b4 (elapsed: 194563)
  process_run (packetbuf.c) called from PC: $05edc (elapsed: 197347)
 WARN [Thread-3] (MspMote.java:229) - 42: # Watchdog[EXECUTION]: illegal write to WDTCTL (0) from $10284 - reset!!!!
 INFO [Thread-3] (LogScriptEngine.java:389) - Test script at 40.00%, done in 5239.0 sec
Watchdog: illegal write to WDTCTL (0) from $10284 - reset!!!!
Stack Trace: number of calls: 5 PC: $10284
  watchdog_reboot (packetbuf.c) called from PC: $22b06 (elapsed: 5)
  restart_time_synchronisation (packetbuf.c) called from PC: $153e2 (elapsed: 30453)
  process_thread_foure_timesynch_process (local in 4emac-timesynch.c) called from PC: $121d0 (elapsed: 196423)
  call_process (local in process.c) called from PC: $123b4 (elapsed: 196460)
  process_run (packetbuf.c) called from PC: $05edc (elapsed: 199480)
 WARN [Thread-3] (MspMote.java:229) - 42: # Watchdog[EXECUTION]: illegal write to WDTCTL (0) from $10284 - reset!!!!
 INFO [Thread-3] (LogScriptEngine.java:389) - Test script at 45.00%, done in 4856.7 sec
 INFO [Thread-3] (LogScriptEngine.java:389) - Test script at 50.00%, done in 4446.1 sec
 INFO [Thread-2] (LogScriptEngine.java:309) - Test script finished
 INFO [Thread-3] (Simulation.java:312) - Simulation main loop stopped, system time: 1784326047005	Duration: 4446144 ms	Simulated time 3600002 ms	Ratio 0.8096908242288149
 INFO [AWT-EventQueue-1] (ScriptRunner.java:438) - Test script deactivated
