[14:28:42 - main] [Cooja.java:1316] [INFO] - > Starting Cooja
[14:28:42 - main] [Cooja.java:2857] [INFO] - External tools default settings: /external_tools_linux_64.config
[14:28:42 - main] [Cooja.java:2887] [INFO] - External tools user settings: /home/mavialp/.cooja.user.properties
[14:28:42 - main] [Cooja.java:1941] [FATAL] - No plugin class: class org.contikios.cooja.plugins.CollectViewFull: org/jfree/data/time/RegularTimePeriod
[14:28:42 - main] [Cooja.java:3626] [WARN] - Loaded simulation may depend on not found  extension: '/home/mavialp/Desktop/IDAP 2026 GOKHAN./IDAP 2026 GOKHAN/kodlar/base/6tisch-ng-sra/tools/cooja/apps/mobility'
[14:28:42 - main] [Simulation.java:422] [INFO] - Simulation random seed: 623310
[14:28:42 - main] [CompileContiki.java:140] [INFO] - > make border-router-server.exp5438 TARGET=exp5438 
[14:28:42 - main] [CompileContiki.java:140] [INFO] - > make border-router-client.exp5438 TARGET=exp5438 
[14:28:42 - main] [MspMote.java:235] [INFO] - Loading firmware from: /home/mavialp/Desktop/IDAP 2026 GOKHAN./IDAP 2026 GOKHAN/kodlar/base/6tisch-ng-sra/examples/tsch/rpl-udp/border-router-server/border-router-server.exp5438
[14:28:42 - main] [MspMote.java:235] [INFO] - Loading firmware from: /home/mavialp/Desktop/IDAP 2026 GOKHAN./IDAP 2026 GOKHAN/kodlar/base/6tisch-ng-sra/examples/tsch/rpl-udp/border-router-client/border-router-client.exp5438
[14:28:43 - main] [MspMote.java:235] [INFO] - Loading firmware from: /home/mavialp/Desktop/IDAP 2026 GOKHAN./IDAP 2026 GOKHAN/kodlar/base/6tisch-ng-sra/examples/tsch/rpl-udp/border-router-client/border-router-client.exp5438
[14:28:43 - main] [MspMote.java:235] [INFO] - Loading firmware from: /home/mavialp/Desktop/IDAP 2026 GOKHAN./IDAP 2026 GOKHAN/kodlar/base/6tisch-ng-sra/examples/tsch/rpl-udp/border-router-client/border-router-client.exp5438
[14:28:43 - main] [MspMote.java:235] [INFO] - Loading firmware from: /home/mavialp/Desktop/IDAP 2026 GOKHAN./IDAP 2026 GOKHAN/kodlar/base/6tisch-ng-sra/examples/tsch/rpl-udp/border-router-client/border-router-client.exp5438
[14:28:43 - main] [MspMote.java:235] [INFO] - Loading firmware from: /home/mavialp/Desktop/IDAP 2026 GOKHAN./IDAP 2026 GOKHAN/kodlar/base/6tisch-ng-sra/examples/tsch/rpl-udp/border-router-client/border-router-client.exp5438
[14:28:43 - main] [MspMote.java:235] [INFO] - Loading firmware from: /home/mavialp/Desktop/IDAP 2026 GOKHAN./IDAP 2026 GOKHAN/kodlar/base/6tisch-ng-sra/examples/tsch/rpl-udp/border-router-client/border-router-client.exp5438
[14:28:43 - main] [MspMote.java:235] [INFO] - Loading firmware from: /home/mavialp/Desktop/IDAP 2026 GOKHAN./IDAP 2026 GOKHAN/kodlar/base/6tisch-ng-sra/examples/tsch/rpl-udp/border-router-client/border-router-client.exp5438
[14:28:43 - main] [MspMote.java:235] [INFO] - Loading firmware from: /home/mavialp/Desktop/IDAP 2026 GOKHAN./IDAP 2026 GOKHAN/kodlar/base/6tisch-ng-sra/examples/tsch/rpl-udp/border-router-client/border-router-client.exp5438
[14:28:43 - main] [MspMote.java:235] [INFO] - Loading firmware from: /home/mavialp/Desktop/IDAP 2026 GOKHAN./IDAP 2026 GOKHAN/kodlar/base/6tisch-ng-sra/examples/tsch/rpl-udp/border-router-client/border-router-client.exp5438
[14:28:43 - main] [MspMote.java:235] [INFO] - Loading firmware from: /home/mavialp/Desktop/IDAP 2026 GOKHAN./IDAP 2026 GOKHAN/kodlar/base/6tisch-ng-sra/examples/tsch/rpl-udp/border-router-client/border-router-client.exp5438
[14:28:43 - main] [MspMote.java:235] [INFO] - Loading firmware from: /home/mavialp/Desktop/IDAP 2026 GOKHAN./IDAP 2026 GOKHAN/kodlar/base/6tisch-ng-sra/examples/tsch/rpl-udp/border-router-client/border-router-client.exp5438
[14:28:43 - main] [MspMote.java:235] [INFO] - Loading firmware from: /home/mavialp/Desktop/IDAP 2026 GOKHAN./IDAP 2026 GOKHAN/kodlar/base/6tisch-ng-sra/examples/tsch/rpl-udp/border-router-client/border-router-client.exp5438
[14:28:43 - main] [MspMote.java:235] [INFO] - Loading firmware from: /home/mavialp/Desktop/IDAP 2026 GOKHAN./IDAP 2026 GOKHAN/kodlar/base/6tisch-ng-sra/examples/tsch/rpl-udp/border-router-client/border-router-client.exp5438
[14:28:44 - main] [MspMote.java:235] [INFO] - Loading firmware from: /home/mavialp/Desktop/IDAP 2026 GOKHAN./IDAP 2026 GOKHAN/kodlar/base/6tisch-ng-sra/examples/tsch/rpl-udp/border-router-client/border-router-client.exp5438
[14:28:44 - main] [MspMote.java:235] [INFO] - Loading firmware from: /home/mavialp/Desktop/IDAP 2026 GOKHAN./IDAP 2026 GOKHAN/kodlar/base/6tisch-ng-sra/examples/tsch/rpl-udp/border-router-client/border-router-client.exp5438
[14:28:44 - main] [MspMote.java:235] [INFO] - Loading firmware from: /home/mavialp/Desktop/IDAP 2026 GOKHAN./IDAP 2026 GOKHAN/kodlar/base/6tisch-ng-sra/examples/tsch/rpl-udp/border-router-client/border-router-client.exp5438
[14:28:44 - main] [MspMote.java:235] [INFO] - Loading firmware from: /home/mavialp/Desktop/IDAP 2026 GOKHAN./IDAP 2026 GOKHAN/kodlar/base/6tisch-ng-sra/examples/tsch/rpl-udp/border-router-client/border-router-client.exp5438
[14:28:44 - main] [MspMote.java:235] [INFO] - Loading firmware from: /home/mavialp/Desktop/IDAP 2026 GOKHAN./IDAP 2026 GOKHAN/kodlar/base/6tisch-ng-sra/examples/tsch/rpl-udp/border-router-client/border-router-client.exp5438
[14:28:44 - main] [MspMote.java:235] [INFO] - Loading firmware from: /home/mavialp/Desktop/IDAP 2026 GOKHAN./IDAP 2026 GOKHAN/kodlar/base/6tisch-ng-sra/examples/tsch/rpl-udp/border-router-client/border-router-client.exp5438
[14:28:44 - main] [MspMote.java:235] [INFO] - Loading firmware from: /home/mavialp/Desktop/IDAP 2026 GOKHAN./IDAP 2026 GOKHAN/kodlar/base/6tisch-ng-sra/examples/tsch/rpl-udp/border-router-client/border-router-client.exp5438
[14:28:44 - main] [MspMote.java:235] [INFO] - Loading firmware from: /home/mavialp/Desktop/IDAP 2026 GOKHAN./IDAP 2026 GOKHAN/kodlar/base/6tisch-ng-sra/examples/tsch/rpl-udp/border-router-client/border-router-client.exp5438
[14:28:44 - main] [MspMote.java:235] [INFO] - Loading firmware from: /home/mavialp/Desktop/IDAP 2026 GOKHAN./IDAP 2026 GOKHAN/kodlar/base/6tisch-ng-sra/examples/tsch/rpl-udp/border-router-client/border-router-client.exp5438
[14:28:44 - main] [MspMote.java:235] [INFO] - Loading firmware from: /home/mavialp/Desktop/IDAP 2026 GOKHAN./IDAP 2026 GOKHAN/kodlar/base/6tisch-ng-sra/examples/tsch/rpl-udp/border-router-client/border-router-client.exp5438
[14:28:44 - main] [MspMote.java:235] [INFO] - Loading firmware from: /home/mavialp/Desktop/IDAP 2026 GOKHAN./IDAP 2026 GOKHAN/kodlar/base/6tisch-ng-sra/examples/tsch/rpl-udp/border-router-client/border-router-client.exp5438
[14:28:44 - main] [MspMote.java:235] [INFO] - Loading firmware from: /home/mavialp/Desktop/IDAP 2026 GOKHAN./IDAP 2026 GOKHAN/kodlar/base/6tisch-ng-sra/examples/tsch/rpl-udp/border-router-client/border-router-client.exp5438
[14:28:44 - main] [MspMote.java:235] [INFO] - Loading firmware from: /home/mavialp/Desktop/IDAP 2026 GOKHAN./IDAP 2026 GOKHAN/kodlar/base/6tisch-ng-sra/examples/tsch/rpl-udp/border-router-client/border-router-client.exp5438
[14:28:44 - main] [MspMote.java:235] [INFO] - Loading firmware from: /home/mavialp/Desktop/IDAP 2026 GOKHAN./IDAP 2026 GOKHAN/kodlar/base/6tisch-ng-sra/examples/tsch/rpl-udp/border-router-client/border-router-client.exp5438
[14:28:44 - main] [MspMote.java:235] [INFO] - Loading firmware from: /home/mavialp/Desktop/IDAP 2026 GOKHAN./IDAP 2026 GOKHAN/kodlar/base/6tisch-ng-sra/examples/tsch/rpl-udp/border-router-client/border-router-client.exp5438
[14:28:44 - main] [MspMote.java:235] [INFO] - Loading firmware from: /home/mavialp/Desktop/IDAP 2026 GOKHAN./IDAP 2026 GOKHAN/kodlar/base/6tisch-ng-sra/examples/tsch/rpl-udp/border-router-client/border-router-client.exp5438
[14:28:44 - main] [MspMote.java:235] [INFO] - Loading firmware from: /home/mavialp/Desktop/IDAP 2026 GOKHAN./IDAP 2026 GOKHAN/kodlar/base/6tisch-ng-sra/examples/tsch/rpl-udp/border-router-client/border-router-client.exp5438
[14:28:44 - main] [MspMote.java:235] [INFO] - Loading firmware from: /home/mavialp/Desktop/IDAP 2026 GOKHAN./IDAP 2026 GOKHAN/kodlar/base/6tisch-ng-sra/examples/tsch/rpl-udp/border-router-client/border-router-client.exp5438
[14:28:44 - main] [MspMote.java:235] [INFO] - Loading firmware from: /home/mavialp/Desktop/IDAP 2026 GOKHAN./IDAP 2026 GOKHAN/kodlar/base/6tisch-ng-sra/examples/tsch/rpl-udp/border-router-client/border-router-client.exp5438
[14:28:44 - main] [MspMote.java:235] [INFO] - Loading firmware from: /home/mavialp/Desktop/IDAP 2026 GOKHAN./IDAP 2026 GOKHAN/kodlar/base/6tisch-ng-sra/examples/tsch/rpl-udp/border-router-client/border-router-client.exp5438
[14:28:44 - main] [MspMote.java:235] [INFO] - Loading firmware from: /home/mavialp/Desktop/IDAP 2026 GOKHAN./IDAP 2026 GOKHAN/kodlar/base/6tisch-ng-sra/examples/tsch/rpl-udp/border-router-client/border-router-client.exp5438
[14:28:45 - main] [MspMote.java:235] [INFO] - Loading firmware from: /home/mavialp/Desktop/IDAP 2026 GOKHAN./IDAP 2026 GOKHAN/kodlar/base/6tisch-ng-sra/examples/tsch/rpl-udp/border-router-client/border-router-client.exp5438
[14:28:45 - main] [MspMote.java:235] [INFO] - Loading firmware from: /home/mavialp/Desktop/IDAP 2026 GOKHAN./IDAP 2026 GOKHAN/kodlar/base/6tisch-ng-sra/examples/tsch/rpl-udp/border-router-client/border-router-client.exp5438
[14:28:45 - main] [MspMote.java:235] [INFO] - Loading firmware from: /home/mavialp/Desktop/IDAP 2026 GOKHAN./IDAP 2026 GOKHAN/kodlar/base/6tisch-ng-sra/examples/tsch/rpl-udp/border-router-client/border-router-client.exp5438
[14:28:45 - main] [MspMote.java:235] [INFO] - Loading firmware from: /home/mavialp/Desktop/IDAP 2026 GOKHAN./IDAP 2026 GOKHAN/kodlar/base/6tisch-ng-sra/examples/tsch/rpl-udp/border-router-client/border-router-client.exp5438
[14:28:45 - main] [MspMote.java:235] [INFO] - Loading firmware from: /home/mavialp/Desktop/IDAP 2026 GOKHAN./IDAP 2026 GOKHAN/kodlar/base/6tisch-ng-sra/examples/tsch/rpl-udp/border-router-client/border-router-client.exp5438
[14:28:45 - main] [MspMote.java:235] [INFO] - Loading firmware from: /home/mavialp/Desktop/IDAP 2026 GOKHAN./IDAP 2026 GOKHAN/kodlar/base/6tisch-ng-sra/examples/tsch/rpl-udp/border-router-client/border-router-client.exp5438
[14:28:45 - main] [Cooja.java:1782] [INFO] - Visualized plugin was not started: class org.contikios.cooja.plugins.SimControl
[14:28:45 - main] [Cooja.java:1782] [INFO] - Visualized plugin was not started: class org.contikios.cooja.plugins.Visualizer
[14:28:45 - main] [Cooja.java:1782] [INFO] - Visualized plugin was not started: class org.contikios.cooja.plugins.LogListener
[14:28:45 - main] [Cooja.java:1782] [INFO] - Visualized plugin was not started: class org.contikios.cooja.plugins.TimeLine
[14:28:45 - main] [ScriptRunner.java:438] [INFO] - Test script deactivated
[14:28:45 - main] [LogScriptEngine.java:265] [INFO] - Script timeout in 7200000 ms
[14:28:45 - main] [ScriptRunner.java:395] [INFO] - Test script activated
[14:28:45 - Thread-1] [Simulation.java:253] [INFO] - Simulation main loop started, system time: 1784287725875
[14:31:46 - Thread-1] [LogScriptEngine.java:389] [INFO] - Test script at 5.00%, done in 3434.1 sec
[14:36:16 - Thread-1] [LogScriptEngine.java:389] [INFO] - Test script at 10.00%, done in 4052.6 sec
[14:43:13 - Thread-1] [LogScriptEngine.java:389] [INFO] - Test script at 15.00%, done in 4915.3 sec
[14:50:44 - Thread-1] [LogScriptEngine.java:389] [INFO] - Test script at 20.00%, done in 5276.3 sec
[14:58:09 - Thread-1] [LogScriptEngine.java:389] [INFO] - Test script at 25.00%, done in 5291.7 sec
[15:05:37 - Thread-1] [LogScriptEngine.java:389] [INFO] - Test script at 30.00%, done in 5161.0 sec
[15:13:18 - Thread-1] [LogScriptEngine.java:389] [INFO] - Test script at 35.00%, done in 4963.8 sec
[15:20:46 - Thread-1] [LogScriptEngine.java:389] [INFO] - Test script at 40.00%, done in 4681.2 sec
[15:28:14 - Thread-1] [LogScriptEngine.java:389] [INFO] - Test script at 45.00%, done in 4361.5 sec
[15:35:44 - Thread-1] [LogScriptEngine.java:389] [INFO] - Test script at 50.00%, done in 4018.7 sec
[15:35:44 - Thread-0] [LogScriptEngine.java:309] [INFO] - Test script finished
[15:35:44 - Thread-1] [Simulation.java:312] [INFO] - Simulation main loop stopped, system time: 1784291744564	Duration: 4018689 ms	Simulated time 3600003 ms	Ratio 0.8958152770717017
[15:35:45 - AWT-EventQueue-0] [ScriptRunner.java:438] [INFO] - Test script deactivated
