[14:28:45 - main] [Cooja.java:1316] [INFO] - > Starting Cooja
[14:28:45 - main] [Cooja.java:2857] [INFO] - External tools default settings: /external_tools_linux_64.config
[14:28:45 - main] [Cooja.java:2887] [INFO] - External tools user settings: /home/mavialp/.cooja.user.properties
[14:28:45 - main] [Cooja.java:1941] [FATAL] - No plugin class: class org.contikios.cooja.plugins.CollectViewFull: org/jfree/data/time/RegularTimePeriod
[14:28:45 - main] [Cooja.java:3626] [WARN] - Loaded simulation may depend on not found  extension: '/home/mavialp/Desktop/IDAP 2026 GOKHAN./IDAP 2026 GOKHAN/kodlar/base/6tisch-ng-sra/tools/cooja/apps/mobility'
[14:28:45 - main] [Simulation.java:422] [INFO] - Simulation random seed: 606610
[14:28:45 - main] [CompileContiki.java:140] [INFO] - > make border-router-server.exp5438 TARGET=exp5438 
[14:28:45 - main] [CompileContiki.java:140] [INFO] - > make border-router-client.exp5438 TARGET=exp5438 
[14:28:45 - main] [MspMote.java:235] [INFO] - Loading firmware from: /home/mavialp/Desktop/IDAP 2026 GOKHAN./IDAP 2026 GOKHAN/kodlar/base/6tisch-ng-sra/examples/tsch/rpl-udp/border-router-server/border-router-server.exp5438
[14:28:45 - main] [MspMote.java:235] [INFO] - Loading firmware from: /home/mavialp/Desktop/IDAP 2026 GOKHAN./IDAP 2026 GOKHAN/kodlar/base/6tisch-ng-sra/examples/tsch/rpl-udp/border-router-client/border-router-client.exp5438
[14:28:46 - main] [MspMote.java:235] [INFO] - Loading firmware from: /home/mavialp/Desktop/IDAP 2026 GOKHAN./IDAP 2026 GOKHAN/kodlar/base/6tisch-ng-sra/examples/tsch/rpl-udp/border-router-client/border-router-client.exp5438
[14:28:46 - main] [MspMote.java:235] [INFO] - Loading firmware from: /home/mavialp/Desktop/IDAP 2026 GOKHAN./IDAP 2026 GOKHAN/kodlar/base/6tisch-ng-sra/examples/tsch/rpl-udp/border-router-client/border-router-client.exp5438
[14:28:46 - main] [MspMote.java:235] [INFO] - Loading firmware from: /home/mavialp/Desktop/IDAP 2026 GOKHAN./IDAP 2026 GOKHAN/kodlar/base/6tisch-ng-sra/examples/tsch/rpl-udp/border-router-client/border-router-client.exp5438
[14:28:46 - main] [MspMote.java:235] [INFO] - Loading firmware from: /home/mavialp/Desktop/IDAP 2026 GOKHAN./IDAP 2026 GOKHAN/kodlar/base/6tisch-ng-sra/examples/tsch/rpl-udp/border-router-client/border-router-client.exp5438
[14:28:46 - main] [MspMote.java:235] [INFO] - Loading firmware from: /home/mavialp/Desktop/IDAP 2026 GOKHAN./IDAP 2026 GOKHAN/kodlar/base/6tisch-ng-sra/examples/tsch/rpl-udp/border-router-client/border-router-client.exp5438
[14:28:46 - main] [MspMote.java:235] [INFO] - Loading firmware from: /home/mavialp/Desktop/IDAP 2026 GOKHAN./IDAP 2026 GOKHAN/kodlar/base/6tisch-ng-sra/examples/tsch/rpl-udp/border-router-client/border-router-client.exp5438
[14:28:46 - main] [MspMote.java:235] [INFO] - Loading firmware from: /home/mavialp/Desktop/IDAP 2026 GOKHAN./IDAP 2026 GOKHAN/kodlar/base/6tisch-ng-sra/examples/tsch/rpl-udp/border-router-client/border-router-client.exp5438
[14:28:46 - main] [MspMote.java:235] [INFO] - Loading firmware from: /home/mavialp/Desktop/IDAP 2026 GOKHAN./IDAP 2026 GOKHAN/kodlar/base/6tisch-ng-sra/examples/tsch/rpl-udp/border-router-client/border-router-client.exp5438
[14:28:46 - main] [MspMote.java:235] [INFO] - Loading firmware from: /home/mavialp/Desktop/IDAP 2026 GOKHAN./IDAP 2026 GOKHAN/kodlar/base/6tisch-ng-sra/examples/tsch/rpl-udp/border-router-client/border-router-client.exp5438
[14:28:46 - main] [MspMote.java:235] [INFO] - Loading firmware from: /home/mavialp/Desktop/IDAP 2026 GOKHAN./IDAP 2026 GOKHAN/kodlar/base/6tisch-ng-sra/examples/tsch/rpl-udp/border-router-client/border-router-client.exp5438
[14:28:46 - main] [MspMote.java:235] [INFO] - Loading firmware from: /home/mavialp/Desktop/IDAP 2026 GOKHAN./IDAP 2026 GOKHAN/kodlar/base/6tisch-ng-sra/examples/tsch/rpl-udp/border-router-client/border-router-client.exp5438
[14:28:46 - main] [MspMote.java:235] [INFO] - Loading firmware from: /home/mavialp/Desktop/IDAP 2026 GOKHAN./IDAP 2026 GOKHAN/kodlar/base/6tisch-ng-sra/examples/tsch/rpl-udp/border-router-client/border-router-client.exp5438
[14:28:46 - main] [MspMote.java:235] [INFO] - Loading firmware from: /home/mavialp/Desktop/IDAP 2026 GOKHAN./IDAP 2026 GOKHAN/kodlar/base/6tisch-ng-sra/examples/tsch/rpl-udp/border-router-client/border-router-client.exp5438
[14:28:46 - main] [MspMote.java:235] [INFO] - Loading firmware from: /home/mavialp/Desktop/IDAP 2026 GOKHAN./IDAP 2026 GOKHAN/kodlar/base/6tisch-ng-sra/examples/tsch/rpl-udp/border-router-client/border-router-client.exp5438
[14:28:47 - main] [MspMote.java:235] [INFO] - Loading firmware from: /home/mavialp/Desktop/IDAP 2026 GOKHAN./IDAP 2026 GOKHAN/kodlar/base/6tisch-ng-sra/examples/tsch/rpl-udp/border-router-client/border-router-client.exp5438
[14:28:47 - main] [MspMote.java:235] [INFO] - Loading firmware from: /home/mavialp/Desktop/IDAP 2026 GOKHAN./IDAP 2026 GOKHAN/kodlar/base/6tisch-ng-sra/examples/tsch/rpl-udp/border-router-client/border-router-client.exp5438
[14:28:47 - main] [MspMote.java:235] [INFO] - Loading firmware from: /home/mavialp/Desktop/IDAP 2026 GOKHAN./IDAP 2026 GOKHAN/kodlar/base/6tisch-ng-sra/examples/tsch/rpl-udp/border-router-client/border-router-client.exp5438
[14:28:47 - main] [MspMote.java:235] [INFO] - Loading firmware from: /home/mavialp/Desktop/IDAP 2026 GOKHAN./IDAP 2026 GOKHAN/kodlar/base/6tisch-ng-sra/examples/tsch/rpl-udp/border-router-client/border-router-client.exp5438
[14:28:47 - main] [MspMote.java:235] [INFO] - Loading firmware from: /home/mavialp/Desktop/IDAP 2026 GOKHAN./IDAP 2026 GOKHAN/kodlar/base/6tisch-ng-sra/examples/tsch/rpl-udp/border-router-client/border-router-client.exp5438
[14:28:47 - main] [MspMote.java:235] [INFO] - Loading firmware from: /home/mavialp/Desktop/IDAP 2026 GOKHAN./IDAP 2026 GOKHAN/kodlar/base/6tisch-ng-sra/examples/tsch/rpl-udp/border-router-client/border-router-client.exp5438
[14:28:47 - main] [MspMote.java:235] [INFO] - Loading firmware from: /home/mavialp/Desktop/IDAP 2026 GOKHAN./IDAP 2026 GOKHAN/kodlar/base/6tisch-ng-sra/examples/tsch/rpl-udp/border-router-client/border-router-client.exp5438
[14:28:47 - main] [MspMote.java:235] [INFO] - Loading firmware from: /home/mavialp/Desktop/IDAP 2026 GOKHAN./IDAP 2026 GOKHAN/kodlar/base/6tisch-ng-sra/examples/tsch/rpl-udp/border-router-client/border-router-client.exp5438
[14:28:47 - main] [MspMote.java:235] [INFO] - Loading firmware from: /home/mavialp/Desktop/IDAP 2026 GOKHAN./IDAP 2026 GOKHAN/kodlar/base/6tisch-ng-sra/examples/tsch/rpl-udp/border-router-client/border-router-client.exp5438
[14:28:47 - main] [MspMote.java:235] [INFO] - Loading firmware from: /home/mavialp/Desktop/IDAP 2026 GOKHAN./IDAP 2026 GOKHAN/kodlar/base/6tisch-ng-sra/examples/tsch/rpl-udp/border-router-client/border-router-client.exp5438
[14:28:47 - main] [MspMote.java:235] [INFO] - Loading firmware from: /home/mavialp/Desktop/IDAP 2026 GOKHAN./IDAP 2026 GOKHAN/kodlar/base/6tisch-ng-sra/examples/tsch/rpl-udp/border-router-client/border-router-client.exp5438
[14:28:47 - main] [MspMote.java:235] [INFO] - Loading firmware from: /home/mavialp/Desktop/IDAP 2026 GOKHAN./IDAP 2026 GOKHAN/kodlar/base/6tisch-ng-sra/examples/tsch/rpl-udp/border-router-client/border-router-client.exp5438
[14:28:47 - main] [MspMote.java:235] [INFO] - Loading firmware from: /home/mavialp/Desktop/IDAP 2026 GOKHAN./IDAP 2026 GOKHAN/kodlar/base/6tisch-ng-sra/examples/tsch/rpl-udp/border-router-client/border-router-client.exp5438
[14:28:47 - main] [MspMote.java:235] [INFO] - Loading firmware from: /home/mavialp/Desktop/IDAP 2026 GOKHAN./IDAP 2026 GOKHAN/kodlar/base/6tisch-ng-sra/examples/tsch/rpl-udp/border-router-client/border-router-client.exp5438
[14:28:47 - main] [MspMote.java:235] [INFO] - Loading firmware from: /home/mavialp/Desktop/IDAP 2026 GOKHAN./IDAP 2026 GOKHAN/kodlar/base/6tisch-ng-sra/examples/tsch/rpl-udp/border-router-client/border-router-client.exp5438
[14:28:47 - main] [MspMote.java:235] [INFO] - Loading firmware from: /home/mavialp/Desktop/IDAP 2026 GOKHAN./IDAP 2026 GOKHAN/kodlar/base/6tisch-ng-sra/examples/tsch/rpl-udp/border-router-client/border-router-client.exp5438
[14:28:47 - main] [MspMote.java:235] [INFO] - Loading firmware from: /home/mavialp/Desktop/IDAP 2026 GOKHAN./IDAP 2026 GOKHAN/kodlar/base/6tisch-ng-sra/examples/tsch/rpl-udp/border-router-client/border-router-client.exp5438
[14:28:47 - main] [MspMote.java:235] [INFO] - Loading firmware from: /home/mavialp/Desktop/IDAP 2026 GOKHAN./IDAP 2026 GOKHAN/kodlar/base/6tisch-ng-sra/examples/tsch/rpl-udp/border-router-client/border-router-client.exp5438
[14:28:47 - main] [MspMote.java:235] [INFO] - Loading firmware from: /home/mavialp/Desktop/IDAP 2026 GOKHAN./IDAP 2026 GOKHAN/kodlar/base/6tisch-ng-sra/examples/tsch/rpl-udp/border-router-client/border-router-client.exp5438
[14:28:47 - main] [MspMote.java:235] [INFO] - Loading firmware from: /home/mavialp/Desktop/IDAP 2026 GOKHAN./IDAP 2026 GOKHAN/kodlar/base/6tisch-ng-sra/examples/tsch/rpl-udp/border-router-client/border-router-client.exp5438
[14:28:47 - main] [MspMote.java:235] [INFO] - Loading firmware from: /home/mavialp/Desktop/IDAP 2026 GOKHAN./IDAP 2026 GOKHAN/kodlar/base/6tisch-ng-sra/examples/tsch/rpl-udp/border-router-client/border-router-client.exp5438
[14:28:47 - main] [MspMote.java:235] [INFO] - Loading firmware from: /home/mavialp/Desktop/IDAP 2026 GOKHAN./IDAP 2026 GOKHAN/kodlar/base/6tisch-ng-sra/examples/tsch/rpl-udp/border-router-client/border-router-client.exp5438
[14:28:48 - main] [MspMote.java:235] [INFO] - Loading firmware from: /home/mavialp/Desktop/IDAP 2026 GOKHAN./IDAP 2026 GOKHAN/kodlar/base/6tisch-ng-sra/examples/tsch/rpl-udp/border-router-client/border-router-client.exp5438
[14:28:48 - main] [MspMote.java:235] [INFO] - Loading firmware from: /home/mavialp/Desktop/IDAP 2026 GOKHAN./IDAP 2026 GOKHAN/kodlar/base/6tisch-ng-sra/examples/tsch/rpl-udp/border-router-client/border-router-client.exp5438
[14:28:48 - main] [MspMote.java:235] [INFO] - Loading firmware from: /home/mavialp/Desktop/IDAP 2026 GOKHAN./IDAP 2026 GOKHAN/kodlar/base/6tisch-ng-sra/examples/tsch/rpl-udp/border-router-client/border-router-client.exp5438
[14:28:48 - main] [Cooja.java:1782] [INFO] - Visualized plugin was not started: class org.contikios.cooja.plugins.SimControl
[14:28:48 - main] [Cooja.java:1782] [INFO] - Visualized plugin was not started: class org.contikios.cooja.plugins.Visualizer
[14:28:48 - main] [Cooja.java:1782] [INFO] - Visualized plugin was not started: class org.contikios.cooja.plugins.LogListener
[14:28:48 - main] [Cooja.java:1782] [INFO] - Visualized plugin was not started: class org.contikios.cooja.plugins.TimeLine
[14:28:48 - main] [ScriptRunner.java:438] [INFO] - Test script deactivated
[14:28:48 - main] [LogScriptEngine.java:265] [INFO] - Script timeout in 7200000 ms
[14:28:48 - main] [ScriptRunner.java:395] [INFO] - Test script activated
[14:28:48 - Thread-1] [Simulation.java:253] [INFO] - Simulation main loop started, system time: 1784287728891
[14:31:58 - Thread-1] [LogScriptEngine.java:389] [INFO] - Test script at 5.00%, done in 3611.1 sec
[14:37:02 - Thread-1] [LogScriptEngine.java:389] [INFO] - Test script at 10.00%, done in 4443.8 sec
[14:44:03 - Thread-1] [LogScriptEngine.java:389] [INFO] - Test script at 15.00%, done in 5180.4 sec
[14:51:31 - Thread-1] [LogScriptEngine.java:389] [INFO] - Test script at 20.00%, done in 5451.0 sec
[14:59:01 - Thread-1] [LogScriptEngine.java:389] [INFO] - Test script at 25.00%, done in 5437.9 sec
[15:06:39 - Thread-1] [LogScriptEngine.java:389] [INFO] - Test script at 30.00%, done in 5298.6 sec
[15:14:32 - Thread-1] [LogScriptEngine.java:389] [INFO] - Test script at 35.00%, done in 5096.0 sec
[15:22:15 - Thread-1] [LogScriptEngine.java:389] [INFO] - Test script at 40.00%, done in 4809.3 sec
[15:29:59 - Thread-1] [LogScriptEngine.java:389] [INFO] - Test script at 45.00%, done in 4486.1 sec
[15:37:36 - Thread-1] [LogScriptEngine.java:389] [INFO] - Test script at 50.00%, done in 4127.9 sec
[15:37:36 - Thread-0] [LogScriptEngine.java:309] [INFO] - Test script finished
[15:37:36 - Thread-1] [Simulation.java:312] [INFO] - Simulation main loop stopped, system time: 1784291856796	Duration: 4127905 ms	Simulated time 3600000 ms	Ratio 0.8721130936879603
[15:37:37 - AWT-EventQueue-0] [ScriptRunner.java:438] [INFO] - Test script deactivated
