[23:53:15 - main] [Cooja.java:1316] [INFO] - > Starting Cooja
[23:53:15 - main] [Cooja.java:2857] [INFO] - External tools default settings: /external_tools_linux_64.config
[23:53:15 - main] [Cooja.java:2887] [INFO] - External tools user settings: /home/mavialp/.cooja.user.properties
[23:53:15 - main] [Cooja.java:1941] [FATAL] - No plugin class: class org.contikios.cooja.plugins.CollectViewFull: org/jfree/data/time/RegularTimePeriod
[23:53:15 - main] [Simulation.java:422] [INFO] - Simulation random seed: 55555
[23:53:15 - main] [CompileContiki.java:140] [INFO] - > make border-router-server.exp5438 TARGET=exp5438 
[23:53:15 - main] [CompileContiki.java:140] [INFO] - > make border-router-client.exp5438 TARGET=exp5438 
[23:53:15 - main] [CompileContiki.java:140] [INFO] - > make border-router-collector.exp5438 TARGET=exp5438 
[23:53:15 - main] [MspMote.java:235] [INFO] - Loading firmware from: /home/mavialp/Desktop/IDAP 2026 GOKHAN./IDAP 2026 GOKHAN/kodlar/proposed/6tisch-ng-sra/examples/tsch/rpl-udp/border-router-server/border-router-server.exp5438
[23:53:16 - main] [MspMote.java:235] [INFO] - Loading firmware from: /home/mavialp/Desktop/IDAP 2026 GOKHAN./IDAP 2026 GOKHAN/kodlar/proposed/6tisch-ng-sra/examples/tsch/rpl-udp/border-router-client/border-router-client.exp5438
[23:53:17 - main] [MspMote.java:235] [INFO] - Loading firmware from: /home/mavialp/Desktop/IDAP 2026 GOKHAN./IDAP 2026 GOKHAN/kodlar/proposed/6tisch-ng-sra/examples/tsch/rpl-udp/border-router-client/border-router-client.exp5438
[23:53:17 - main] [MspMote.java:235] [INFO] - Loading firmware from: /home/mavialp/Desktop/IDAP 2026 GOKHAN./IDAP 2026 GOKHAN/kodlar/proposed/6tisch-ng-sra/examples/tsch/rpl-udp/border-router-client/border-router-client.exp5438
[23:53:17 - main] [MspMote.java:235] [INFO] - Loading firmware from: /home/mavialp/Desktop/IDAP 2026 GOKHAN./IDAP 2026 GOKHAN/kodlar/proposed/6tisch-ng-sra/examples/tsch/rpl-udp/border-router-client/border-router-client.exp5438
[23:53:17 - main] [MspMote.java:235] [INFO] - Loading firmware from: /home/mavialp/Desktop/IDAP 2026 GOKHAN./IDAP 2026 GOKHAN/kodlar/proposed/6tisch-ng-sra/examples/tsch/rpl-udp/border-router-client/border-router-client.exp5438
[23:53:17 - main] [MspMote.java:235] [INFO] - Loading firmware from: /home/mavialp/Desktop/IDAP 2026 GOKHAN./IDAP 2026 GOKHAN/kodlar/proposed/6tisch-ng-sra/examples/tsch/rpl-udp/border-router-client/border-router-client.exp5438
[23:53:17 - main] [MspMote.java:235] [INFO] - Loading firmware from: /home/mavialp/Desktop/IDAP 2026 GOKHAN./IDAP 2026 GOKHAN/kodlar/proposed/6tisch-ng-sra/examples/tsch/rpl-udp/border-router-client/border-router-client.exp5438
[23:53:17 - main] [MspMote.java:235] [INFO] - Loading firmware from: /home/mavialp/Desktop/IDAP 2026 GOKHAN./IDAP 2026 GOKHAN/kodlar/proposed/6tisch-ng-sra/examples/tsch/rpl-udp/border-router-client/border-router-client.exp5438
[23:53:17 - main] [MspMote.java:235] [INFO] - Loading firmware from: /home/mavialp/Desktop/IDAP 2026 GOKHAN./IDAP 2026 GOKHAN/kodlar/proposed/6tisch-ng-sra/examples/tsch/rpl-udp/border-router-client/border-router-client.exp5438
[23:53:17 - main] [MspMote.java:235] [INFO] - Loading firmware from: /home/mavialp/Desktop/IDAP 2026 GOKHAN./IDAP 2026 GOKHAN/kodlar/proposed/6tisch-ng-sra/examples/tsch/rpl-udp/border-router-client/border-router-client.exp5438
[23:53:17 - main] [MspMote.java:235] [INFO] - Loading firmware from: /home/mavialp/Desktop/IDAP 2026 GOKHAN./IDAP 2026 GOKHAN/kodlar/proposed/6tisch-ng-sra/examples/tsch/rpl-udp/border-router-client/border-router-client.exp5438
[23:53:17 - main] [MspMote.java:235] [INFO] - Loading firmware from: /home/mavialp/Desktop/IDAP 2026 GOKHAN./IDAP 2026 GOKHAN/kodlar/proposed/6tisch-ng-sra/examples/tsch/rpl-udp/border-router-client/border-router-client.exp5438
[23:53:17 - main] [MspMote.java:235] [INFO] - Loading firmware from: /home/mavialp/Desktop/IDAP 2026 GOKHAN./IDAP 2026 GOKHAN/kodlar/proposed/6tisch-ng-sra/examples/tsch/rpl-udp/border-router-client/border-router-client.exp5438
[23:53:17 - main] [MspMote.java:235] [INFO] - Loading firmware from: /home/mavialp/Desktop/IDAP 2026 GOKHAN./IDAP 2026 GOKHAN/kodlar/proposed/6tisch-ng-sra/examples/tsch/rpl-udp/border-router-client/border-router-client.exp5438
[23:53:17 - main] [MspMote.java:235] [INFO] - Loading firmware from: /home/mavialp/Desktop/IDAP 2026 GOKHAN./IDAP 2026 GOKHAN/kodlar/proposed/6tisch-ng-sra/examples/tsch/rpl-udp/border-router-client/border-router-client.exp5438
[23:53:18 - main] [MspMote.java:235] [INFO] - Loading firmware from: /home/mavialp/Desktop/IDAP 2026 GOKHAN./IDAP 2026 GOKHAN/kodlar/proposed/6tisch-ng-sra/examples/tsch/rpl-udp/border-router-client/border-router-client.exp5438
[23:53:18 - main] [MspMote.java:235] [INFO] - Loading firmware from: /home/mavialp/Desktop/IDAP 2026 GOKHAN./IDAP 2026 GOKHAN/kodlar/proposed/6tisch-ng-sra/examples/tsch/rpl-udp/border-router-client/border-router-client.exp5438
[23:53:18 - main] [MspMote.java:235] [INFO] - Loading firmware from: /home/mavialp/Desktop/IDAP 2026 GOKHAN./IDAP 2026 GOKHAN/kodlar/proposed/6tisch-ng-sra/examples/tsch/rpl-udp/border-router-client/border-router-client.exp5438
[23:53:18 - main] [MspMote.java:235] [INFO] - Loading firmware from: /home/mavialp/Desktop/IDAP 2026 GOKHAN./IDAP 2026 GOKHAN/kodlar/proposed/6tisch-ng-sra/examples/tsch/rpl-udp/border-router-client/border-router-client.exp5438
[23:53:18 - main] [MspMote.java:235] [INFO] - Loading firmware from: /home/mavialp/Desktop/IDAP 2026 GOKHAN./IDAP 2026 GOKHAN/kodlar/proposed/6tisch-ng-sra/examples/tsch/rpl-udp/border-router-client/border-router-client.exp5438
[23:53:18 - main] [MspMote.java:235] [INFO] - Loading firmware from: /home/mavialp/Desktop/IDAP 2026 GOKHAN./IDAP 2026 GOKHAN/kodlar/proposed/6tisch-ng-sra/examples/tsch/rpl-udp/border-router-client/border-router-client.exp5438
[23:53:18 - main] [MspMote.java:235] [INFO] - Loading firmware from: /home/mavialp/Desktop/IDAP 2026 GOKHAN./IDAP 2026 GOKHAN/kodlar/proposed/6tisch-ng-sra/examples/tsch/rpl-udp/border-router-client/border-router-client.exp5438
[23:53:18 - main] [MspMote.java:235] [INFO] - Loading firmware from: /home/mavialp/Desktop/IDAP 2026 GOKHAN./IDAP 2026 GOKHAN/kodlar/proposed/6tisch-ng-sra/examples/tsch/rpl-udp/border-router-client/border-router-client.exp5438
[23:53:18 - main] [MspMote.java:235] [INFO] - Loading firmware from: /home/mavialp/Desktop/IDAP 2026 GOKHAN./IDAP 2026 GOKHAN/kodlar/proposed/6tisch-ng-sra/examples/tsch/rpl-udp/border-router-client/border-router-client.exp5438
[23:53:18 - main] [MspMote.java:235] [INFO] - Loading firmware from: /home/mavialp/Desktop/IDAP 2026 GOKHAN./IDAP 2026 GOKHAN/kodlar/proposed/6tisch-ng-sra/examples/tsch/rpl-udp/border-router-client/border-router-client.exp5438
[23:53:18 - main] [MspMote.java:235] [INFO] - Loading firmware from: /home/mavialp/Desktop/IDAP 2026 GOKHAN./IDAP 2026 GOKHAN/kodlar/proposed/6tisch-ng-sra/examples/tsch/rpl-udp/border-router-client/border-router-client.exp5438
[23:53:18 - main] [MspMote.java:235] [INFO] - Loading firmware from: /home/mavialp/Desktop/IDAP 2026 GOKHAN./IDAP 2026 GOKHAN/kodlar/proposed/6tisch-ng-sra/examples/tsch/rpl-udp/border-router-client/border-router-client.exp5438
[23:53:18 - main] [MspMote.java:235] [INFO] - Loading firmware from: /home/mavialp/Desktop/IDAP 2026 GOKHAN./IDAP 2026 GOKHAN/kodlar/proposed/6tisch-ng-sra/examples/tsch/rpl-udp/border-router-client/border-router-client.exp5438
[23:53:18 - main] [MspMote.java:235] [INFO] - Loading firmware from: /home/mavialp/Desktop/IDAP 2026 GOKHAN./IDAP 2026 GOKHAN/kodlar/proposed/6tisch-ng-sra/examples/tsch/rpl-udp/border-router-client/border-router-client.exp5438
[23:53:18 - main] [MspMote.java:235] [INFO] - Loading firmware from: /home/mavialp/Desktop/IDAP 2026 GOKHAN./IDAP 2026 GOKHAN/kodlar/proposed/6tisch-ng-sra/examples/tsch/rpl-udp/border-router-client/border-router-client.exp5438
[23:53:18 - main] [MspMote.java:235] [INFO] - Loading firmware from: /home/mavialp/Desktop/IDAP 2026 GOKHAN./IDAP 2026 GOKHAN/kodlar/proposed/6tisch-ng-sra/examples/tsch/rpl-udp/border-router-client/border-router-client.exp5438
[23:53:18 - main] [MspMote.java:235] [INFO] - Loading firmware from: /home/mavialp/Desktop/IDAP 2026 GOKHAN./IDAP 2026 GOKHAN/kodlar/proposed/6tisch-ng-sra/examples/tsch/rpl-udp/border-router-client/border-router-client.exp5438
[23:53:18 - main] [MspMote.java:235] [INFO] - Loading firmware from: /home/mavialp/Desktop/IDAP 2026 GOKHAN./IDAP 2026 GOKHAN/kodlar/proposed/6tisch-ng-sra/examples/tsch/rpl-udp/border-router-client/border-router-client.exp5438
[23:53:18 - main] [MspMote.java:235] [INFO] - Loading firmware from: /home/mavialp/Desktop/IDAP 2026 GOKHAN./IDAP 2026 GOKHAN/kodlar/proposed/6tisch-ng-sra/examples/tsch/rpl-udp/border-router-client/border-router-client.exp5438
[23:53:18 - main] [MspMote.java:235] [INFO] - Loading firmware from: /home/mavialp/Desktop/IDAP 2026 GOKHAN./IDAP 2026 GOKHAN/kodlar/proposed/6tisch-ng-sra/examples/tsch/rpl-udp/border-router-client/border-router-client.exp5438
[23:53:18 - main] [MspMote.java:235] [INFO] - Loading firmware from: /home/mavialp/Desktop/IDAP 2026 GOKHAN./IDAP 2026 GOKHAN/kodlar/proposed/6tisch-ng-sra/examples/tsch/rpl-udp/border-router-client/border-router-client.exp5438
[23:53:18 - main] [MspMote.java:235] [INFO] - Loading firmware from: /home/mavialp/Desktop/IDAP 2026 GOKHAN./IDAP 2026 GOKHAN/kodlar/proposed/6tisch-ng-sra/examples/tsch/rpl-udp/border-router-client/border-router-client.exp5438
[23:53:18 - main] [MspMote.java:235] [INFO] - Loading firmware from: /home/mavialp/Desktop/IDAP 2026 GOKHAN./IDAP 2026 GOKHAN/kodlar/proposed/6tisch-ng-sra/examples/tsch/rpl-udp/border-router-client/border-router-client.exp5438
[23:53:19 - main] [MspMote.java:235] [INFO] - Loading firmware from: /home/mavialp/Desktop/IDAP 2026 GOKHAN./IDAP 2026 GOKHAN/kodlar/proposed/6tisch-ng-sra/examples/tsch/rpl-udp/border-router-client/border-router-client.exp5438
[23:53:19 - main] [MspMote.java:235] [INFO] - Loading firmware from: /home/mavialp/Desktop/IDAP 2026 GOKHAN./IDAP 2026 GOKHAN/kodlar/proposed/6tisch-ng-sra/examples/tsch/rpl-udp/border-router-client/border-router-client.exp5438
[23:53:19 - main] [MspMote.java:235] [INFO] - Loading firmware from: /home/mavialp/Desktop/IDAP 2026 GOKHAN./IDAP 2026 GOKHAN/kodlar/proposed/6tisch-ng-sra/examples/tsch/rpl-udp/border-router-collector/border-router-collector.exp5438
[23:53:19 - main] [Cooja.java:1782] [INFO] - Visualized plugin was not started: class org.contikios.cooja.plugins.SimControl
[23:53:19 - main] [Cooja.java:1782] [INFO] - Visualized plugin was not started: class org.contikios.cooja.plugins.Visualizer
[23:53:19 - main] [Cooja.java:1782] [INFO] - Visualized plugin was not started: class org.contikios.cooja.plugins.LogListener
[23:53:19 - main] [Cooja.java:1782] [INFO] - Visualized plugin was not started: class org.contikios.cooja.plugins.TimeLine
[23:53:19 - main] [Mobility.java:84] [INFO] - Mobility plugin started at (ms): 0
[23:53:19 - main] [Mobility.java:116] [INFO] - Parsing position file: /home/mavialp/Desktop/IDAP 2026 GOKHAN./IDAP 2026 GOKHAN/kodlar/proposed/6tisch-ng-sra/tools/cooja/apps/mobility/mdc_grid40.dat
[23:53:19 - main] [Mobility.java:141] [INFO] - Loaded 2254 positions
[23:53:19 - main] [ScriptRunner.java:438] [INFO] - Test script deactivated
[23:53:20 - main] [LogScriptEngine.java:265] [INFO] - Script timeout in 7200000 ms
[23:53:20 - main] [ScriptRunner.java:395] [INFO] - Test script activated
[23:53:20 - Thread-3] [Simulation.java:253] [INFO] - Simulation main loop started, system time: 1784321600369
[23:56:45 - Thread-3] [LogScriptEngine.java:389] [INFO] - Test script at 5.00%, done in 3904.7 sec
[00:03:10 - Thread-3] [LogScriptEngine.java:389] [INFO] - Test script at 10.00%, done in 5313.5 sec
[00:11:50 - Thread-3] [LogScriptEngine.java:389] [INFO] - Test script at 15.00%, done in 6288.2 sec
[00:19:37 - Thread-3] [LogScriptEngine.java:389] [INFO] - Test script at 20.00%, done in 6308.2 sec
[00:20:13 - Thread-3] [MspMote.java:229] [WARN] - 42: # Watchdog[EXECUTION]: illegal write to WDTCTL (0) from $10284 - reset!!!!
[00:27:14 - Thread-3] [LogScriptEngine.java:389] [INFO] - Test script at 25.00%, done in 6103.6 sec
[00:34:57 - Thread-3] [LogScriptEngine.java:389] [INFO] - Test script at 30.00%, done in 5825.8 sec
[00:38:54 - Thread-3] [MspMote.java:229] [WARN] - 42: # Watchdog[EXECUTION]: illegal write to WDTCTL (0) from $10284 - reset!!!!
[00:41:58 - Thread-3] [MspMote.java:229] [WARN] - 42: # Watchdog[EXECUTION]: illegal write to WDTCTL (0) from $10284 - reset!!!!
[00:42:34 - Thread-3] [LogScriptEngine.java:389] [INFO] - Test script at 35.00%, done in 5486.3 sec
[00:50:05 - Thread-3] [LogScriptEngine.java:389] [INFO] - Test script at 40.00%, done in 5107.9 sec
[00:57:30 - Thread-3] [LogScriptEngine.java:389] [INFO] - Test script at 45.00%, done in 4706.1 sec
[01:04:58 - Thread-3] [LogScriptEngine.java:389] [INFO] - Test script at 50.00%, done in 4298.5 sec
[01:04:58 - Thread-2] [LogScriptEngine.java:309] [INFO] - Test script finished
[01:04:58 - Thread-3] [Simulation.java:312] [INFO] - Simulation main loop stopped, system time: 1784325898878	Duration: 4298509 ms	Simulated time 3600003 ms	Ratio 0.8375003983939547
[01:04:59 - AWT-EventQueue-1] [ScriptRunner.java:438] [INFO] - Test script deactivated
