[23:53:15 - main] [Cooja.java:1316] [INFO] - > Starting Cooja
[23:53:15 - main] [Cooja.java:2857] [INFO] - External tools default settings: /external_tools_linux_64.config
[23:53:15 - main] [Cooja.java:2887] [INFO] - External tools user settings: /home/mavialp/.cooja.user.properties
[23:53:15 - main] [Cooja.java:1941] [FATAL] - No plugin class: class org.contikios.cooja.plugins.CollectViewFull: org/jfree/data/time/RegularTimePeriod
[23:53:15 - main] [Simulation.java:422] [INFO] - Simulation random seed: 33333
[23:53:15 - main] [CompileContiki.java:140] [INFO] - > make border-router-server.exp5438 TARGET=exp5438 
[23:53:15 - main] [CompileContiki.java:140] [INFO] - > make border-router-client.exp5438 TARGET=exp5438 
[23:53:15 - main] [CompileContiki.java:140] [INFO] - > make border-router-collector.exp5438 TARGET=exp5438 
[23:53:15 - main] [MspMote.java:235] [INFO] - Loading firmware from: /home/mavialp/Desktop/IDAP 2026 GOKHAN./IDAP 2026 GOKHAN/kodlar/proposed/6tisch-ng-sra/examples/tsch/rpl-udp/border-router-server/border-router-server.exp5438
[23:53:16 - main] [MspMote.java:235] [INFO] - Loading firmware from: /home/mavialp/Desktop/IDAP 2026 GOKHAN./IDAP 2026 GOKHAN/kodlar/proposed/6tisch-ng-sra/examples/tsch/rpl-udp/border-router-client/border-router-client.exp5438
[23:53:17 - main] [MspMote.java:235] [INFO] - Loading firmware from: /home/mavialp/Desktop/IDAP 2026 GOKHAN./IDAP 2026 GOKHAN/kodlar/proposed/6tisch-ng-sra/examples/tsch/rpl-udp/border-router-client/border-router-client.exp5438
[23:53:17 - main] [MspMote.java:235] [INFO] - Loading firmware from: /home/mavialp/Desktop/IDAP 2026 GOKHAN./IDAP 2026 GOKHAN/kodlar/proposed/6tisch-ng-sra/examples/tsch/rpl-udp/border-router-client/border-router-client.exp5438
[23:53:17 - main] [MspMote.java:235] [INFO] - Loading firmware from: /home/mavialp/Desktop/IDAP 2026 GOKHAN./IDAP 2026 GOKHAN/kodlar/proposed/6tisch-ng-sra/examples/tsch/rpl-udp/border-router-client/border-router-client.exp5438
[23:53:17 - main] [MspMote.java:235] [INFO] - Loading firmware from: /home/mavialp/Desktop/IDAP 2026 GOKHAN./IDAP 2026 GOKHAN/kodlar/proposed/6tisch-ng-sra/examples/tsch/rpl-udp/border-router-client/border-router-client.exp5438
[23:53:17 - main] [MspMote.java:235] [INFO] - Loading firmware from: /home/mavialp/Desktop/IDAP 2026 GOKHAN./IDAP 2026 GOKHAN/kodlar/proposed/6tisch-ng-sra/examples/tsch/rpl-udp/border-router-client/border-router-client.exp5438
[23:53:17 - main] [MspMote.java:235] [INFO] - Loading firmware from: /home/mavialp/Desktop/IDAP 2026 GOKHAN./IDAP 2026 GOKHAN/kodlar/proposed/6tisch-ng-sra/examples/tsch/rpl-udp/border-router-client/border-router-client.exp5438
[23:53:17 - main] [MspMote.java:235] [INFO] - Loading firmware from: /home/mavialp/Desktop/IDAP 2026 GOKHAN./IDAP 2026 GOKHAN/kodlar/proposed/6tisch-ng-sra/examples/tsch/rpl-udp/border-router-client/border-router-client.exp5438
[23:53:17 - main] [MspMote.java:235] [INFO] - Loading firmware from: /home/mavialp/Desktop/IDAP 2026 GOKHAN./IDAP 2026 GOKHAN/kodlar/proposed/6tisch-ng-sra/examples/tsch/rpl-udp/border-router-client/border-router-client.exp5438
[23:53:17 - main] [MspMote.java:235] [INFO] - Loading firmware from: /home/mavialp/Desktop/IDAP 2026 GOKHAN./IDAP 2026 GOKHAN/kodlar/proposed/6tisch-ng-sra/examples/tsch/rpl-udp/border-router-client/border-router-client.exp5438
[23:53:17 - main] [MspMote.java:235] [INFO] - Loading firmware from: /home/mavialp/Desktop/IDAP 2026 GOKHAN./IDAP 2026 GOKHAN/kodlar/proposed/6tisch-ng-sra/examples/tsch/rpl-udp/border-router-client/border-router-client.exp5438
[23:53:17 - main] [MspMote.java:235] [INFO] - Loading firmware from: /home/mavialp/Desktop/IDAP 2026 GOKHAN./IDAP 2026 GOKHAN/kodlar/proposed/6tisch-ng-sra/examples/tsch/rpl-udp/border-router-client/border-router-client.exp5438
[23:53:17 - main] [MspMote.java:235] [INFO] - Loading firmware from: /home/mavialp/Desktop/IDAP 2026 GOKHAN./IDAP 2026 GOKHAN/kodlar/proposed/6tisch-ng-sra/examples/tsch/rpl-udp/border-router-client/border-router-client.exp5438
[23:53:17 - main] [MspMote.java:235] [INFO] - Loading firmware from: /home/mavialp/Desktop/IDAP 2026 GOKHAN./IDAP 2026 GOKHAN/kodlar/proposed/6tisch-ng-sra/examples/tsch/rpl-udp/border-router-client/border-router-client.exp5438
[23:53:18 - main] [MspMote.java:235] [INFO] - Loading firmware from: /home/mavialp/Desktop/IDAP 2026 GOKHAN./IDAP 2026 GOKHAN/kodlar/proposed/6tisch-ng-sra/examples/tsch/rpl-udp/border-router-client/border-router-client.exp5438
[23:53:18 - main] [MspMote.java:235] [INFO] - Loading firmware from: /home/mavialp/Desktop/IDAP 2026 GOKHAN./IDAP 2026 GOKHAN/kodlar/proposed/6tisch-ng-sra/examples/tsch/rpl-udp/border-router-client/border-router-client.exp5438
[23:53:18 - main] [MspMote.java:235] [INFO] - Loading firmware from: /home/mavialp/Desktop/IDAP 2026 GOKHAN./IDAP 2026 GOKHAN/kodlar/proposed/6tisch-ng-sra/examples/tsch/rpl-udp/border-router-client/border-router-client.exp5438
[23:53:18 - main] [MspMote.java:235] [INFO] - Loading firmware from: /home/mavialp/Desktop/IDAP 2026 GOKHAN./IDAP 2026 GOKHAN/kodlar/proposed/6tisch-ng-sra/examples/tsch/rpl-udp/border-router-client/border-router-client.exp5438
[23:53:18 - main] [MspMote.java:235] [INFO] - Loading firmware from: /home/mavialp/Desktop/IDAP 2026 GOKHAN./IDAP 2026 GOKHAN/kodlar/proposed/6tisch-ng-sra/examples/tsch/rpl-udp/border-router-client/border-router-client.exp5438
[23:53:18 - main] [MspMote.java:235] [INFO] - Loading firmware from: /home/mavialp/Desktop/IDAP 2026 GOKHAN./IDAP 2026 GOKHAN/kodlar/proposed/6tisch-ng-sra/examples/tsch/rpl-udp/border-router-client/border-router-client.exp5438
[23:53:18 - main] [MspMote.java:235] [INFO] - Loading firmware from: /home/mavialp/Desktop/IDAP 2026 GOKHAN./IDAP 2026 GOKHAN/kodlar/proposed/6tisch-ng-sra/examples/tsch/rpl-udp/border-router-client/border-router-client.exp5438
[23:53:18 - main] [MspMote.java:235] [INFO] - Loading firmware from: /home/mavialp/Desktop/IDAP 2026 GOKHAN./IDAP 2026 GOKHAN/kodlar/proposed/6tisch-ng-sra/examples/tsch/rpl-udp/border-router-client/border-router-client.exp5438
[23:53:18 - main] [MspMote.java:235] [INFO] - Loading firmware from: /home/mavialp/Desktop/IDAP 2026 GOKHAN./IDAP 2026 GOKHAN/kodlar/proposed/6tisch-ng-sra/examples/tsch/rpl-udp/border-router-client/border-router-client.exp5438
[23:53:18 - main] [MspMote.java:235] [INFO] - Loading firmware from: /home/mavialp/Desktop/IDAP 2026 GOKHAN./IDAP 2026 GOKHAN/kodlar/proposed/6tisch-ng-sra/examples/tsch/rpl-udp/border-router-client/border-router-client.exp5438
[23:53:18 - main] [MspMote.java:235] [INFO] - Loading firmware from: /home/mavialp/Desktop/IDAP 2026 GOKHAN./IDAP 2026 GOKHAN/kodlar/proposed/6tisch-ng-sra/examples/tsch/rpl-udp/border-router-client/border-router-client.exp5438
[23:53:18 - main] [MspMote.java:235] [INFO] - Loading firmware from: /home/mavialp/Desktop/IDAP 2026 GOKHAN./IDAP 2026 GOKHAN/kodlar/proposed/6tisch-ng-sra/examples/tsch/rpl-udp/border-router-client/border-router-client.exp5438
[23:53:18 - main] [MspMote.java:235] [INFO] - Loading firmware from: /home/mavialp/Desktop/IDAP 2026 GOKHAN./IDAP 2026 GOKHAN/kodlar/proposed/6tisch-ng-sra/examples/tsch/rpl-udp/border-router-client/border-router-client.exp5438
[23:53:18 - main] [MspMote.java:235] [INFO] - Loading firmware from: /home/mavialp/Desktop/IDAP 2026 GOKHAN./IDAP 2026 GOKHAN/kodlar/proposed/6tisch-ng-sra/examples/tsch/rpl-udp/border-router-client/border-router-client.exp5438
[23:53:18 - main] [MspMote.java:235] [INFO] - Loading firmware from: /home/mavialp/Desktop/IDAP 2026 GOKHAN./IDAP 2026 GOKHAN/kodlar/proposed/6tisch-ng-sra/examples/tsch/rpl-udp/border-router-client/border-router-client.exp5438
[23:53:18 - main] [MspMote.java:235] [INFO] - Loading firmware from: /home/mavialp/Desktop/IDAP 2026 GOKHAN./IDAP 2026 GOKHAN/kodlar/proposed/6tisch-ng-sra/examples/tsch/rpl-udp/border-router-client/border-router-client.exp5438
[23:53:18 - main] [MspMote.java:235] [INFO] - Loading firmware from: /home/mavialp/Desktop/IDAP 2026 GOKHAN./IDAP 2026 GOKHAN/kodlar/proposed/6tisch-ng-sra/examples/tsch/rpl-udp/border-router-client/border-router-client.exp5438
[23:53:18 - main] [MspMote.java:235] [INFO] - Loading firmware from: /home/mavialp/Desktop/IDAP 2026 GOKHAN./IDAP 2026 GOKHAN/kodlar/proposed/6tisch-ng-sra/examples/tsch/rpl-udp/border-router-client/border-router-client.exp5438
[23:53:18 - main] [MspMote.java:235] [INFO] - Loading firmware from: /home/mavialp/Desktop/IDAP 2026 GOKHAN./IDAP 2026 GOKHAN/kodlar/proposed/6tisch-ng-sra/examples/tsch/rpl-udp/border-router-client/border-router-client.exp5438
[23:53:18 - main] [MspMote.java:235] [INFO] - Loading firmware from: /home/mavialp/Desktop/IDAP 2026 GOKHAN./IDAP 2026 GOKHAN/kodlar/proposed/6tisch-ng-sra/examples/tsch/rpl-udp/border-router-client/border-router-client.exp5438
[23:53:18 - main] [MspMote.java:235] [INFO] - Loading firmware from: /home/mavialp/Desktop/IDAP 2026 GOKHAN./IDAP 2026 GOKHAN/kodlar/proposed/6tisch-ng-sra/examples/tsch/rpl-udp/border-router-client/border-router-client.exp5438
[23:53:18 - main] [MspMote.java:235] [INFO] - Loading firmware from: /home/mavialp/Desktop/IDAP 2026 GOKHAN./IDAP 2026 GOKHAN/kodlar/proposed/6tisch-ng-sra/examples/tsch/rpl-udp/border-router-client/border-router-client.exp5438
[23:53:19 - main] [MspMote.java:235] [INFO] - Loading firmware from: /home/mavialp/Desktop/IDAP 2026 GOKHAN./IDAP 2026 GOKHAN/kodlar/proposed/6tisch-ng-sra/examples/tsch/rpl-udp/border-router-client/border-router-client.exp5438
[23:53:19 - main] [MspMote.java:235] [INFO] - Loading firmware from: /home/mavialp/Desktop/IDAP 2026 GOKHAN./IDAP 2026 GOKHAN/kodlar/proposed/6tisch-ng-sra/examples/tsch/rpl-udp/border-router-client/border-router-client.exp5438
[23:53:19 - main] [MspMote.java:235] [INFO] - Loading firmware from: /home/mavialp/Desktop/IDAP 2026 GOKHAN./IDAP 2026 GOKHAN/kodlar/proposed/6tisch-ng-sra/examples/tsch/rpl-udp/border-router-client/border-router-client.exp5438
[23:53:19 - main] [MspMote.java:235] [INFO] - Loading firmware from: /home/mavialp/Desktop/IDAP 2026 GOKHAN./IDAP 2026 GOKHAN/kodlar/proposed/6tisch-ng-sra/examples/tsch/rpl-udp/border-router-client/border-router-client.exp5438
[23:53:19 - main] [MspMote.java:235] [INFO] - Loading firmware from: /home/mavialp/Desktop/IDAP 2026 GOKHAN./IDAP 2026 GOKHAN/kodlar/proposed/6tisch-ng-sra/examples/tsch/rpl-udp/border-router-collector/border-router-collector.exp5438
[23:53:19 - main] [Cooja.java:1782] [INFO] - Visualized plugin was not started: class org.contikios.cooja.plugins.SimControl
[23:53:19 - main] [Cooja.java:1782] [INFO] - Visualized plugin was not started: class org.contikios.cooja.plugins.Visualizer
[23:53:19 - main] [Cooja.java:1782] [INFO] - Visualized plugin was not started: class org.contikios.cooja.plugins.LogListener
[23:53:19 - main] [Cooja.java:1782] [INFO] - Visualized plugin was not started: class org.contikios.cooja.plugins.TimeLine
[23:53:19 - main] [Mobility.java:84] [INFO] - Mobility plugin started at (ms): 0
[23:53:19 - main] [Mobility.java:116] [INFO] - Parsing position file: /home/mavialp/Desktop/IDAP 2026 GOKHAN./IDAP 2026 GOKHAN/kodlar/proposed/6tisch-ng-sra/tools/cooja/apps/mobility/mdc_grid40.dat
[23:53:19 - main] [Mobility.java:141] [INFO] - Loaded 2254 positions
[23:53:20 - main] [ScriptRunner.java:438] [INFO] - Test script deactivated
[23:53:20 - main] [LogScriptEngine.java:265] [INFO] - Script timeout in 7200000 ms
[23:53:20 - main] [ScriptRunner.java:395] [INFO] - Test script activated
[23:53:20 - Thread-3] [Simulation.java:253] [INFO] - Simulation main loop started, system time: 1784321600720
[23:56:11 - Thread-3] [LogScriptEngine.java:389] [INFO] - Test script at 5.00%, done in 3245.8 sec
[00:01:14 - Thread-3] [LogScriptEngine.java:389] [INFO] - Test script at 10.00%, done in 4260.9 sec
[00:10:31 - Thread-3] [LogScriptEngine.java:389] [INFO] - Test script at 15.00%, done in 5842.7 sec
[00:17:27 - Thread-3] [MspMote.java:229] [WARN] - 42: # Watchdog[EXECUTION]: illegal write to WDTCTL (0) from $10284 - reset!!!!
[00:18:32 - Thread-3] [LogScriptEngine.java:389] [INFO] - Test script at 20.00%, done in 6047.0 sec
[00:23:06 - Thread-3] [MspMote.java:229] [WARN] - 42: # Watchdog[EXECUTION]: illegal write to WDTCTL (0) from $10284 - reset!!!!
[00:26:26 - Thread-3] [LogScriptEngine.java:389] [INFO] - Test script at 25.00%, done in 5957.4 sec
[00:34:23 - Thread-3] [LogScriptEngine.java:389] [INFO] - Test script at 30.00%, done in 5746.9 sec
[00:36:58 - Thread-3] [MspMote.java:229] [WARN] - 42: # Watchdog[EXECUTION]: illegal write to WDTCTL (0) from $10284 - reset!!!!
[00:41:58 - Thread-3] [MspMote.java:229] [WARN] - 42: # Watchdog[EXECUTION]: illegal write to WDTCTL (0) from $10284 - reset!!!!
[00:42:25 - Thread-3] [LogScriptEngine.java:389] [INFO] - Test script at 35.00%, done in 5468.7 sec
[00:50:20 - Thread-3] [MspMote.java:229] [WARN] - 42: # Watchdog[EXECUTION]: illegal write to WDTCTL (0) from $10284 - reset!!!!
[00:50:23 - Thread-3] [LogScriptEngine.java:389] [INFO] - Test script at 40.00%, done in 5133.8 sec
[00:57:27 - Thread-3] [MspMote.java:229] [WARN] - 42: # Watchdog[EXECUTION]: illegal write to WDTCTL (0) from $10284 - reset!!!!
[00:58:24 - Thread-3] [LogScriptEngine.java:389] [INFO] - Test script at 45.00%, done in 4770.9 sec
[01:03:20 - Thread-3] [MspMote.java:229] [WARN] - 42: # Watchdog[EXECUTION]: illegal write to WDTCTL (0) from $10284 - reset!!!!
[01:06:27 - Thread-3] [LogScriptEngine.java:389] [INFO] - Test script at 50.00%, done in 4387.0 sec
[01:06:27 - Thread-2] [LogScriptEngine.java:309] [INFO] - Test script finished
[01:06:27 - Thread-3] [Simulation.java:312] [INFO] - Simulation main loop stopped, system time: 1784325987744	Duration: 4387024 ms	Simulated time 3600005 ms	Ratio 0.8206029873554374
[01:06:28 - AWT-EventQueue-1] [ScriptRunner.java:438] [INFO] - Test script deactivated
