 INFO [main] (Cooja.java:1316) - > Starting Cooja
 INFO [main] (Cooja.java:2857) - External tools default settings: /external_tools_linux_64.config
 INFO [main] (Cooja.java:2887) - External tools user settings: /home/mavialp/.cooja.user.properties
FATAL [main] (Cooja.java:1941) - No plugin class: class org.contikios.cooja.plugins.CollectViewFull: org/jfree/data/time/RegularTimePeriod
 INFO [main] (Simulation.java:422) - Simulation random seed: 22222
 INFO [main] (CompileContiki.java:140) - > make border-router-server.exp5438 TARGET=exp5438 
Message:
Message:> make border-router-server.exp5438 TARGET=exp5438 
Message:make: git: No such file or directory
Message:make: 'border-router-server.exp5438' is up to date.
 INFO [main] (CompileContiki.java:140) - > make border-router-client.exp5438 TARGET=exp5438 
Message:
Message:> make border-router-client.exp5438 TARGET=exp5438 
Message:make: git: No such file or directory
Message:make: 'border-router-client.exp5438' is up to date.
 INFO [main] (CompileContiki.java:140) - > make border-router-collector.exp5438 TARGET=exp5438 
Message:
Message:> make border-router-collector.exp5438 TARGET=exp5438 
Message:make: git: No such file or directory
Message:make: 'border-router-collector.exp5438' is up to date.
 INFO [main] (MspMote.java:235) - Loading firmware from: /home/mavialp/Desktop/IDAP 2026 GOKHAN./IDAP 2026 GOKHAN/kodlar/proposed/6tisch-ng-sra/examples/tsch/rpl-udp/border-router-server/border-router-server.exp5438
 INFO [main] (MspMote.java:235) - Loading firmware from: /home/mavialp/Desktop/IDAP 2026 GOKHAN./IDAP 2026 GOKHAN/kodlar/proposed/6tisch-ng-sra/examples/tsch/rpl-udp/border-router-client/border-router-client.exp5438
 INFO [main] (MspMote.java:235) - Loading firmware from: /home/mavialp/Desktop/IDAP 2026 GOKHAN./IDAP 2026 GOKHAN/kodlar/proposed/6tisch-ng-sra/examples/tsch/rpl-udp/border-router-client/border-router-client.exp5438
 INFO [main] (MspMote.java:235) - Loading firmware from: /home/mavialp/Desktop/IDAP 2026 GOKHAN./IDAP 2026 GOKHAN/kodlar/proposed/6tisch-ng-sra/examples/tsch/rpl-udp/border-router-client/border-router-client.exp5438
 INFO [main] (MspMote.java:235) - Loading firmware from: /home/mavialp/Desktop/IDAP 2026 GOKHAN./IDAP 2026 GOKHAN/kodlar/proposed/6tisch-ng-sra/examples/tsch/rpl-udp/border-router-client/border-router-client.exp5438
 INFO [main] (MspMote.java:235) - Loading firmware from: /home/mavialp/Desktop/IDAP 2026 GOKHAN./IDAP 2026 GOKHAN/kodlar/proposed/6tisch-ng-sra/examples/tsch/rpl-udp/border-router-client/border-router-client.exp5438
 INFO [main] (MspMote.java:235) - Loading firmware from: /home/mavialp/Desktop/IDAP 2026 GOKHAN./IDAP 2026 GOKHAN/kodlar/proposed/6tisch-ng-sra/examples/tsch/rpl-udp/border-router-client/border-router-client.exp5438
 INFO [main] (MspMote.java:235) - Loading firmware from: /home/mavialp/Desktop/IDAP 2026 GOKHAN./IDAP 2026 GOKHAN/kodlar/proposed/6tisch-ng-sra/examples/tsch/rpl-udp/border-router-client/border-router-client.exp5438
 INFO [main] (MspMote.java:235) - Loading firmware from: /home/mavialp/Desktop/IDAP 2026 GOKHAN./IDAP 2026 GOKHAN/kodlar/proposed/6tisch-ng-sra/examples/tsch/rpl-udp/border-router-client/border-router-client.exp5438
 INFO [main] (MspMote.java:235) - Loading firmware from: /home/mavialp/Desktop/IDAP 2026 GOKHAN./IDAP 2026 GOKHAN/kodlar/proposed/6tisch-ng-sra/examples/tsch/rpl-udp/border-router-client/border-router-client.exp5438
 INFO [main] (MspMote.java:235) - Loading firmware from: /home/mavialp/Desktop/IDAP 2026 GOKHAN./IDAP 2026 GOKHAN/kodlar/proposed/6tisch-ng-sra/examples/tsch/rpl-udp/border-router-client/border-router-client.exp5438
 INFO [main] (MspMote.java:235) - Loading firmware from: /home/mavialp/Desktop/IDAP 2026 GOKHAN./IDAP 2026 GOKHAN/kodlar/proposed/6tisch-ng-sra/examples/tsch/rpl-udp/border-router-client/border-router-client.exp5438
 INFO [main] (MspMote.java:235) - Loading firmware from: /home/mavialp/Desktop/IDAP 2026 GOKHAN./IDAP 2026 GOKHAN/kodlar/proposed/6tisch-ng-sra/examples/tsch/rpl-udp/border-router-client/border-router-client.exp5438
 INFO [main] (MspMote.java:235) - Loading firmware from: /home/mavialp/Desktop/IDAP 2026 GOKHAN./IDAP 2026 GOKHAN/kodlar/proposed/6tisch-ng-sra/examples/tsch/rpl-udp/border-router-client/border-router-client.exp5438
 INFO [main] (MspMote.java:235) - Loading firmware from: /home/mavialp/Desktop/IDAP 2026 GOKHAN./IDAP 2026 GOKHAN/kodlar/proposed/6tisch-ng-sra/examples/tsch/rpl-udp/border-router-client/border-router-client.exp5438
 INFO [main] (MspMote.java:235) - Loading firmware from: /home/mavialp/Desktop/IDAP 2026 GOKHAN./IDAP 2026 GOKHAN/kodlar/proposed/6tisch-ng-sra/examples/tsch/rpl-udp/border-router-client/border-router-client.exp5438
 INFO [main] (MspMote.java:235) - Loading firmware from: /home/mavialp/Desktop/IDAP 2026 GOKHAN./IDAP 2026 GOKHAN/kodlar/proposed/6tisch-ng-sra/examples/tsch/rpl-udp/border-router-client/border-router-client.exp5438
 INFO [main] (MspMote.java:235) - Loading firmware from: /home/mavialp/Desktop/IDAP 2026 GOKHAN./IDAP 2026 GOKHAN/kodlar/proposed/6tisch-ng-sra/examples/tsch/rpl-udp/border-router-client/border-router-client.exp5438
 INFO [main] (MspMote.java:235) - Loading firmware from: /home/mavialp/Desktop/IDAP 2026 GOKHAN./IDAP 2026 GOKHAN/kodlar/proposed/6tisch-ng-sra/examples/tsch/rpl-udp/border-router-client/border-router-client.exp5438
 INFO [main] (MspMote.java:235) - Loading firmware from: /home/mavialp/Desktop/IDAP 2026 GOKHAN./IDAP 2026 GOKHAN/kodlar/proposed/6tisch-ng-sra/examples/tsch/rpl-udp/border-router-client/border-router-client.exp5438
 INFO [main] (MspMote.java:235) - Loading firmware from: /home/mavialp/Desktop/IDAP 2026 GOKHAN./IDAP 2026 GOKHAN/kodlar/proposed/6tisch-ng-sra/examples/tsch/rpl-udp/border-router-client/border-router-client.exp5438
 INFO [main] (MspMote.java:235) - Loading firmware from: /home/mavialp/Desktop/IDAP 2026 GOKHAN./IDAP 2026 GOKHAN/kodlar/proposed/6tisch-ng-sra/examples/tsch/rpl-udp/border-router-client/border-router-client.exp5438
 INFO [main] (MspMote.java:235) - Loading firmware from: /home/mavialp/Desktop/IDAP 2026 GOKHAN./IDAP 2026 GOKHAN/kodlar/proposed/6tisch-ng-sra/examples/tsch/rpl-udp/border-router-client/border-router-client.exp5438
 INFO [main] (MspMote.java:235) - Loading firmware from: /home/mavialp/Desktop/IDAP 2026 GOKHAN./IDAP 2026 GOKHAN/kodlar/proposed/6tisch-ng-sra/examples/tsch/rpl-udp/border-router-client/border-router-client.exp5438
 INFO [main] (MspMote.java:235) - Loading firmware from: /home/mavialp/Desktop/IDAP 2026 GOKHAN./IDAP 2026 GOKHAN/kodlar/proposed/6tisch-ng-sra/examples/tsch/rpl-udp/border-router-client/border-router-client.exp5438
 INFO [main] (MspMote.java:235) - Loading firmware from: /home/mavialp/Desktop/IDAP 2026 GOKHAN./IDAP 2026 GOKHAN/kodlar/proposed/6tisch-ng-sra/examples/tsch/rpl-udp/border-router-client/border-router-client.exp5438
 INFO [main] (MspMote.java:235) - Loading firmware from: /home/mavialp/Desktop/IDAP 2026 GOKHAN./IDAP 2026 GOKHAN/kodlar/proposed/6tisch-ng-sra/examples/tsch/rpl-udp/border-router-client/border-router-client.exp5438
 INFO [main] (MspMote.java:235) - Loading firmware from: /home/mavialp/Desktop/IDAP 2026 GOKHAN./IDAP 2026 GOKHAN/kodlar/proposed/6tisch-ng-sra/examples/tsch/rpl-udp/border-router-client/border-router-client.exp5438
 INFO [main] (MspMote.java:235) - Loading firmware from: /home/mavialp/Desktop/IDAP 2026 GOKHAN./IDAP 2026 GOKHAN/kodlar/proposed/6tisch-ng-sra/examples/tsch/rpl-udp/border-router-client/border-router-client.exp5438
 INFO [main] (MspMote.java:235) - Loading firmware from: /home/mavialp/Desktop/IDAP 2026 GOKHAN./IDAP 2026 GOKHAN/kodlar/proposed/6tisch-ng-sra/examples/tsch/rpl-udp/border-router-client/border-router-client.exp5438
 INFO [main] (MspMote.java:235) - Loading firmware from: /home/mavialp/Desktop/IDAP 2026 GOKHAN./IDAP 2026 GOKHAN/kodlar/proposed/6tisch-ng-sra/examples/tsch/rpl-udp/border-router-client/border-router-client.exp5438
 INFO [main] (MspMote.java:235) - Loading firmware from: /home/mavialp/Desktop/IDAP 2026 GOKHAN./IDAP 2026 GOKHAN/kodlar/proposed/6tisch-ng-sra/examples/tsch/rpl-udp/border-router-client/border-router-client.exp5438
 INFO [main] (MspMote.java:235) - Loading firmware from: /home/mavialp/Desktop/IDAP 2026 GOKHAN./IDAP 2026 GOKHAN/kodlar/proposed/6tisch-ng-sra/examples/tsch/rpl-udp/border-router-client/border-router-client.exp5438
 INFO [main] (MspMote.java:235) - Loading firmware from: /home/mavialp/Desktop/IDAP 2026 GOKHAN./IDAP 2026 GOKHAN/kodlar/proposed/6tisch-ng-sra/examples/tsch/rpl-udp/border-router-client/border-router-client.exp5438
 INFO [main] (MspMote.java:235) - Loading firmware from: /home/mavialp/Desktop/IDAP 2026 GOKHAN./IDAP 2026 GOKHAN/kodlar/proposed/6tisch-ng-sra/examples/tsch/rpl-udp/border-router-client/border-router-client.exp5438
 INFO [main] (MspMote.java:235) - Loading firmware from: /home/mavialp/Desktop/IDAP 2026 GOKHAN./IDAP 2026 GOKHAN/kodlar/proposed/6tisch-ng-sra/examples/tsch/rpl-udp/border-router-client/border-router-client.exp5438
 INFO [main] (MspMote.java:235) - Loading firmware from: /home/mavialp/Desktop/IDAP 2026 GOKHAN./IDAP 2026 GOKHAN/kodlar/proposed/6tisch-ng-sra/examples/tsch/rpl-udp/border-router-client/border-router-client.exp5438
 INFO [main] (MspMote.java:235) - Loading firmware from: /home/mavialp/Desktop/IDAP 2026 GOKHAN./IDAP 2026 GOKHAN/kodlar/proposed/6tisch-ng-sra/examples/tsch/rpl-udp/border-router-client/border-router-client.exp5438
 INFO [main] (MspMote.java:235) - Loading firmware from: /home/mavialp/Desktop/IDAP 2026 GOKHAN./IDAP 2026 GOKHAN/kodlar/proposed/6tisch-ng-sra/examples/tsch/rpl-udp/border-router-client/border-router-client.exp5438
 INFO [main] (MspMote.java:235) - Loading firmware from: /home/mavialp/Desktop/IDAP 2026 GOKHAN./IDAP 2026 GOKHAN/kodlar/proposed/6tisch-ng-sra/examples/tsch/rpl-udp/border-router-client/border-router-client.exp5438
 INFO [main] (MspMote.java:235) - Loading firmware from: /home/mavialp/Desktop/IDAP 2026 GOKHAN./IDAP 2026 GOKHAN/kodlar/proposed/6tisch-ng-sra/examples/tsch/rpl-udp/border-router-client/border-router-client.exp5438
 INFO [main] (MspMote.java:235) - Loading firmware from: /home/mavialp/Desktop/IDAP 2026 GOKHAN./IDAP 2026 GOKHAN/kodlar/proposed/6tisch-ng-sra/examples/tsch/rpl-udp/border-router-collector/border-router-collector.exp5438
 INFO [main] (Cooja.java:1782) - Visualized plugin was not started: class org.contikios.cooja.plugins.SimControl
 INFO [main] (Cooja.java:1782) - Visualized plugin was not started: class org.contikios.cooja.plugins.Visualizer
 INFO [main] (Cooja.java:1782) - Visualized plugin was not started: class org.contikios.cooja.plugins.LogListener
 INFO [main] (Cooja.java:1782) - Visualized plugin was not started: class org.contikios.cooja.plugins.TimeLine
 INFO [main] (Mobility.java:84) - Mobility plugin started at (ms): 0
 INFO [main] (Mobility.java:116) - Parsing position file: /home/mavialp/Desktop/IDAP 2026 GOKHAN./IDAP 2026 GOKHAN/kodlar/proposed/6tisch-ng-sra/tools/cooja/apps/mobility/mdc_random40.dat
 INFO [main] (Mobility.java:141) - Loaded 2404 positions
 INFO [main] (ScriptRunner.java:438) - Test script deactivated
 INFO [main] (LogScriptEngine.java:265) - Script timeout in 7200000 ms
 INFO [main] (ScriptRunner.java:395) - Test script activated
 INFO [Thread-3] (Simulation.java:253) - Simulation main loop started, system time: 1784325861450
 INFO [Thread-3] (LogScriptEngine.java:389) - Test script at 5.00%, done in 3408.8 sec
Watchdog: illegal write to WDTCTL (0) from $103ce - reset!!!!
Stack Trace: number of calls: 11 PC: $103ce
  watchdog_reboot (packetbuf.c) called from PC: $253f2 (elapsed: 5)
  restart_time_synchronisation (packetbuf.c) called from PC: $15668 (elapsed: 61070)
  foure_timesynch_parent_switch_callback (packetbuf.c) called from PC: $1f11e (elapsed: 99151)
  rpl_set_preferred_parent (local in rpl-dag.c) called from PC: $1f74e (elapsed: 192295)
  rpl_nullify_parent (packetbuf.c) called from PC: $203e8 (elapsed: 415542)
  rpl_process_parent_event (packetbuf.c) called from PC: $20480 (elapsed: 540292)
  rpl_recalculate_ranks (packetbuf.c) called from PC: $23ee8 (elapsed: 541336)
  handle_periodic_timer (local in rpl-timers.c) called from PC: $121a0 (elapsed: 541688)
  process_thread_ctimer_process (local in ctimer.c) called from PC: $1273c (elapsed: 541889)
  call_process (local in process.c) called from PC: $12920 (elapsed: 541926)
  process_run (packetbuf.c) called from PC: $05edc (elapsed: 545130)
 WARN [Thread-3] (MspMote.java:229) - 16: # Watchdog[EXECUTION]: illegal write to WDTCTL (0) from $103ce - reset!!!!
Watchdog: illegal write to WDTCTL (0) from $103ce - reset!!!!
Stack Trace: number of calls: 11 PC: $103ce
  watchdog_reboot (packetbuf.c) called from PC: $253f2 (elapsed: 5)
  restart_time_synchronisation (packetbuf.c) called from PC: $15668 (elapsed: 31371)
  foure_timesynch_parent_switch_callback (packetbuf.c) called from PC: $1f11e (elapsed: 93775)
  rpl_set_preferred_parent (local in rpl-dag.c) called from PC: $1f74e (elapsed: 191672)
  rpl_nullify_parent (packetbuf.c) called from PC: $203e8 (elapsed: 406956)
  rpl_process_parent_event (packetbuf.c) called from PC: $20480 (elapsed: 500932)
  rpl_recalculate_ranks (packetbuf.c) called from PC: $23ee8 (elapsed: 501359)
  handle_periodic_timer (local in rpl-timers.c) called from PC: $121a0 (elapsed: 501626)
  process_thread_ctimer_process (local in ctimer.c) called from PC: $1273c (elapsed: 501851)
  call_process (local in process.c) called from PC: $12920 (elapsed: 501888)
  process_run (packetbuf.c) called from PC: $05edc (elapsed: 504745)
 WARN [Thread-3] (MspMote.java:229) - 7: # Watchdog[EXECUTION]: illegal write to WDTCTL (0) from $103ce - reset!!!!
 INFO [Thread-3] (LogScriptEngine.java:389) - Test script at 10.00%, done in 4441.8 sec
 INFO [Thread-3] (LogScriptEngine.java:389) - Test script at 15.00%, done in 5229.3 sec
 INFO [Thread-3] (LogScriptEngine.java:389) - Test script at 20.00%, done in 5454.0 sec
Watchdog: illegal write to WDTCTL (0) from $10284 - reset!!!!
Stack Trace: number of calls: 5 PC: $10284
  watchdog_reboot (packetbuf.c) called from PC: $22b06 (elapsed: 5)
  restart_time_synchronisation (packetbuf.c) called from PC: $153e2 (elapsed: 30453)
  process_thread_foure_timesynch_process (local in 4emac-timesynch.c) called from PC: $121d0 (elapsed: 194996)
  call_process (local in process.c) called from PC: $123b4 (elapsed: 195033)
  process_run (packetbuf.c) called from PC: $05edc (elapsed: 197902)
 WARN [Thread-3] (MspMote.java:229) - 42: # Watchdog[EXECUTION]: illegal write to WDTCTL (0) from $10284 - reset!!!!
 INFO [Thread-3] (LogScriptEngine.java:389) - Test script at 25.00%, done in 5468.8 sec
Watchdog: illegal write to WDTCTL (0) from $10284 - reset!!!!
Stack Trace: number of calls: 5 PC: $10284
  watchdog_reboot (packetbuf.c) called from PC: $22b06 (elapsed: 5)
  restart_time_synchronisation (packetbuf.c) called from PC: $153e2 (elapsed: 30453)
  process_thread_foure_timesynch_process (local in 4emac-timesynch.c) called from PC: $121d0 (elapsed: 194406)
  call_process (local in process.c) called from PC: $123b4 (elapsed: 194443)
  process_run (packetbuf.c) called from PC: $05edc (elapsed: 197465)
 WARN [Thread-3] (MspMote.java:229) - 42: # Watchdog[EXECUTION]: illegal write to WDTCTL (0) from $10284 - reset!!!!
 INFO [Thread-3] (LogScriptEngine.java:389) - Test script at 30.00%, done in 5270.6 sec
Watchdog: illegal write to WDTCTL (0) from $10284 - reset!!!!
Stack Trace: number of calls: 5 PC: $10284
  watchdog_reboot (packetbuf.c) called from PC: $22b06 (elapsed: 5)
  restart_time_synchronisation (packetbuf.c) called from PC: $153e2 (elapsed: 30447)
  process_thread_foure_timesynch_process (local in 4emac-timesynch.c) called from PC: $121d0 (elapsed: 193958)
  call_process (local in process.c) called from PC: $123b4 (elapsed: 193995)
  process_run (packetbuf.c) called from PC: $05edc (elapsed: 196947)
 WARN [Thread-3] (MspMote.java:229) - 42: # Watchdog[EXECUTION]: illegal write to WDTCTL (0) from $10284 - reset!!!!
 INFO [Thread-3] (LogScriptEngine.java:389) - Test script at 35.00%, done in 5004.3 sec
Watchdog: illegal write to WDTCTL (0) from $10284 - reset!!!!
Stack Trace: number of calls: 5 PC: $10284
  watchdog_reboot (packetbuf.c) called from PC: $22b06 (elapsed: 5)
  restart_time_synchronisation (packetbuf.c) called from PC: $153e2 (elapsed: 56498)
  process_thread_foure_timesynch_process (local in 4emac-timesynch.c) called from PC: $121d0 (elapsed: 228845)
  call_process (local in process.c) called from PC: $123b4 (elapsed: 228882)
  process_run (packetbuf.c) called from PC: $05edc (elapsed: 231906)
 WARN [Thread-3] (MspMote.java:229) - 42: # Watchdog[EXECUTION]: illegal write to WDTCTL (0) from $10284 - reset!!!!
Watchdog: illegal write to WDTCTL (0) from $10284 - reset!!!!
Stack Trace: number of calls: 5 PC: $10284
  watchdog_reboot (packetbuf.c) called from PC: $22b06 (elapsed: 5)
  restart_time_synchronisation (packetbuf.c) called from PC: $153e2 (elapsed: 30549)
  process_thread_foure_timesynch_process (local in 4emac-timesynch.c) called from PC: $121d0 (elapsed: 197609)
  call_process (local in process.c) called from PC: $123b4 (elapsed: 197646)
  process_run (packetbuf.c) called from PC: $05edc (elapsed: 200587)
 WARN [Thread-3] (MspMote.java:229) - 42: # Watchdog[EXECUTION]: illegal write to WDTCTL (0) from $10284 - reset!!!!
Watchdog: illegal write to WDTCTL (0) from $10284 - reset!!!!
Stack Trace: number of calls: 5 PC: $10284
  watchdog_reboot (packetbuf.c) called from PC: $22b06 (elapsed: 5)
  restart_time_synchronisation (packetbuf.c) called from PC: $153e2 (elapsed: 30453)
  process_thread_foure_timesynch_process (local in 4emac-timesynch.c) called from PC: $121d0 (elapsed: 194716)
  call_process (local in process.c) called from PC: $123b4 (elapsed: 194753)
  process_run (packetbuf.c) called from PC: $05edc (elapsed: 197611)
 WARN [Thread-3] (MspMote.java:229) - 42: # Watchdog[EXECUTION]: illegal write to WDTCTL (0) from $10284 - reset!!!!
 INFO [Thread-3] (LogScriptEngine.java:389) - Test script at 40.00%, done in 4693.1 sec
Watchdog: illegal write to WDTCTL (0) from $10284 - reset!!!!
Stack Trace: number of calls: 5 PC: $10284
  watchdog_reboot (packetbuf.c) called from PC: $22b06 (elapsed: 5)
  restart_time_synchronisation (packetbuf.c) called from PC: $153e2 (elapsed: 30543)
  process_thread_foure_timesynch_process (local in 4emac-timesynch.c) called from PC: $121d0 (elapsed: 193128)
  call_process (local in process.c) called from PC: $123b4 (elapsed: 193165)
  process_run (packetbuf.c) called from PC: $05edc (elapsed: 196106)
 WARN [Thread-3] (MspMote.java:229) - 42: # Watchdog[EXECUTION]: illegal write to WDTCTL (0) from $10284 - reset!!!!
 INFO [Thread-3] (LogScriptEngine.java:389) - Test script at 45.00%, done in 4354.5 sec
Watchdog: illegal write to WDTCTL (0) from $10284 - reset!!!!
Stack Trace: number of calls: 5 PC: $10284
  watchdog_reboot (packetbuf.c) called from PC: $22b06 (elapsed: 5)
  restart_time_synchronisation (packetbuf.c) called from PC: $153e2 (elapsed: 47482)
  process_thread_foure_timesynch_process (local in 4emac-timesynch.c) called from PC: $121d0 (elapsed: 213842)
  call_process (local in process.c) called from PC: $123b4 (elapsed: 213879)
  process_run (packetbuf.c) called from PC: $05edc (elapsed: 216744)
 WARN [Thread-3] (MspMote.java:229) - 42: # Watchdog[EXECUTION]: illegal write to WDTCTL (0) from $10284 - reset!!!!
 INFO [Thread-3] (LogScriptEngine.java:389) - Test script at 50.00%, done in 4006.7 sec
 INFO [Thread-2] (LogScriptEngine.java:309) - Test script finished
 INFO [Thread-3] (Simulation.java:312) - Simulation main loop stopped, system time: 1784329868134	Duration: 4006684 ms	Simulated time 3600001 ms	Ratio 0.8984988584076009
 INFO [AWT-EventQueue-1] (ScriptRunner.java:438) - Test script deactivated
