[13:11:27 - main] [Cooja.java:1316] [INFO] - > Starting Cooja
[13:11:27 - main] [Cooja.java:2857] [INFO] - External tools default settings: /external_tools_linux_64.config
[13:11:27 - main] [Cooja.java:2887] [INFO] - External tools user settings: /home/mavialp/.cooja.user.properties
[13:11:27 - main] [Cooja.java:1941] [FATAL] - No plugin class: class org.contikios.cooja.plugins.CollectViewFull: org/jfree/data/time/RegularTimePeriod
[13:11:27 - main] [Simulation.java:422] [INFO] - Simulation random seed: 522976
[13:11:27 - main] [CompileContiki.java:140] [INFO] - > make border-router-server.exp5438 TARGET=exp5438 
[13:11:27 - main] [CompileContiki.java:140] [INFO] - > make border-router-client.exp5438 TARGET=exp5438 
[13:11:28 - main] [MspMote.java:235] [INFO] - Loading firmware from: /home/mavialp/Desktop/IDAP 2026 GOKHAN./IDAP 2026 GOKHAN/kodlar/base/6tisch-ng-sra/examples/tsch/rpl-udp/border-router-server/border-router-server.exp5438
[13:11:28 - main] [MspMote.java:235] [INFO] - Loading firmware from: /home/mavialp/Desktop/IDAP 2026 GOKHAN./IDAP 2026 GOKHAN/kodlar/base/6tisch-ng-sra/examples/tsch/rpl-udp/border-router-client/border-router-client.exp5438
[13:11:28 - main] [MspMote.java:235] [INFO] - Loading firmware from: /home/mavialp/Desktop/IDAP 2026 GOKHAN./IDAP 2026 GOKHAN/kodlar/base/6tisch-ng-sra/examples/tsch/rpl-udp/border-router-client/border-router-client.exp5438
[13:11:28 - main] [MspMote.java:235] [INFO] - Loading firmware from: /home/mavialp/Desktop/IDAP 2026 GOKHAN./IDAP 2026 GOKHAN/kodlar/base/6tisch-ng-sra/examples/tsch/rpl-udp/border-router-client/border-router-client.exp5438
[13:11:28 - main] [MspMote.java:235] [INFO] - Loading firmware from: /home/mavialp/Desktop/IDAP 2026 GOKHAN./IDAP 2026 GOKHAN/kodlar/base/6tisch-ng-sra/examples/tsch/rpl-udp/border-router-client/border-router-client.exp5438
[13:11:28 - main] [MspMote.java:235] [INFO] - Loading firmware from: /home/mavialp/Desktop/IDAP 2026 GOKHAN./IDAP 2026 GOKHAN/kodlar/base/6tisch-ng-sra/examples/tsch/rpl-udp/border-router-client/border-router-client.exp5438
[13:11:28 - main] [MspMote.java:235] [INFO] - Loading firmware from: /home/mavialp/Desktop/IDAP 2026 GOKHAN./IDAP 2026 GOKHAN/kodlar/base/6tisch-ng-sra/examples/tsch/rpl-udp/border-router-client/border-router-client.exp5438
[13:11:28 - main] [MspMote.java:235] [INFO] - Loading firmware from: /home/mavialp/Desktop/IDAP 2026 GOKHAN./IDAP 2026 GOKHAN/kodlar/base/6tisch-ng-sra/examples/tsch/rpl-udp/border-router-client/border-router-client.exp5438
[13:11:28 - main] [MspMote.java:235] [INFO] - Loading firmware from: /home/mavialp/Desktop/IDAP 2026 GOKHAN./IDAP 2026 GOKHAN/kodlar/base/6tisch-ng-sra/examples/tsch/rpl-udp/border-router-client/border-router-client.exp5438
[13:11:28 - main] [MspMote.java:235] [INFO] - Loading firmware from: /home/mavialp/Desktop/IDAP 2026 GOKHAN./IDAP 2026 GOKHAN/kodlar/base/6tisch-ng-sra/examples/tsch/rpl-udp/border-router-client/border-router-client.exp5438
[13:11:28 - main] [MspMote.java:235] [INFO] - Loading firmware from: /home/mavialp/Desktop/IDAP 2026 GOKHAN./IDAP 2026 GOKHAN/kodlar/base/6tisch-ng-sra/examples/tsch/rpl-udp/border-router-client/border-router-client.exp5438
[13:11:29 - main] [MspMote.java:235] [INFO] - Loading firmware from: /home/mavialp/Desktop/IDAP 2026 GOKHAN./IDAP 2026 GOKHAN/kodlar/base/6tisch-ng-sra/examples/tsch/rpl-udp/border-router-client/border-router-client.exp5438
[13:11:29 - main] [MspMote.java:235] [INFO] - Loading firmware from: /home/mavialp/Desktop/IDAP 2026 GOKHAN./IDAP 2026 GOKHAN/kodlar/base/6tisch-ng-sra/examples/tsch/rpl-udp/border-router-client/border-router-client.exp5438
[13:11:29 - main] [MspMote.java:235] [INFO] - Loading firmware from: /home/mavialp/Desktop/IDAP 2026 GOKHAN./IDAP 2026 GOKHAN/kodlar/base/6tisch-ng-sra/examples/tsch/rpl-udp/border-router-client/border-router-client.exp5438
[13:11:29 - main] [MspMote.java:235] [INFO] - Loading firmware from: /home/mavialp/Desktop/IDAP 2026 GOKHAN./IDAP 2026 GOKHAN/kodlar/base/6tisch-ng-sra/examples/tsch/rpl-udp/border-router-client/border-router-client.exp5438
[13:11:29 - main] [MspMote.java:235] [INFO] - Loading firmware from: /home/mavialp/Desktop/IDAP 2026 GOKHAN./IDAP 2026 GOKHAN/kodlar/base/6tisch-ng-sra/examples/tsch/rpl-udp/border-router-client/border-router-client.exp5438
[13:11:29 - main] [MspMote.java:235] [INFO] - Loading firmware from: /home/mavialp/Desktop/IDAP 2026 GOKHAN./IDAP 2026 GOKHAN/kodlar/base/6tisch-ng-sra/examples/tsch/rpl-udp/border-router-client/border-router-client.exp5438
[13:11:29 - main] [MspMote.java:235] [INFO] - Loading firmware from: /home/mavialp/Desktop/IDAP 2026 GOKHAN./IDAP 2026 GOKHAN/kodlar/base/6tisch-ng-sra/examples/tsch/rpl-udp/border-router-client/border-router-client.exp5438
[13:11:29 - main] [MspMote.java:235] [INFO] - Loading firmware from: /home/mavialp/Desktop/IDAP 2026 GOKHAN./IDAP 2026 GOKHAN/kodlar/base/6tisch-ng-sra/examples/tsch/rpl-udp/border-router-client/border-router-client.exp5438
[13:11:29 - main] [MspMote.java:235] [INFO] - Loading firmware from: /home/mavialp/Desktop/IDAP 2026 GOKHAN./IDAP 2026 GOKHAN/kodlar/base/6tisch-ng-sra/examples/tsch/rpl-udp/border-router-client/border-router-client.exp5438
[13:11:29 - main] [MspMote.java:235] [INFO] - Loading firmware from: /home/mavialp/Desktop/IDAP 2026 GOKHAN./IDAP 2026 GOKHAN/kodlar/base/6tisch-ng-sra/examples/tsch/rpl-udp/border-router-client/border-router-client.exp5438
[13:11:29 - main] [MspMote.java:235] [INFO] - Loading firmware from: /home/mavialp/Desktop/IDAP 2026 GOKHAN./IDAP 2026 GOKHAN/kodlar/base/6tisch-ng-sra/examples/tsch/rpl-udp/border-router-client/border-router-client.exp5438
[13:11:29 - main] [MspMote.java:235] [INFO] - Loading firmware from: /home/mavialp/Desktop/IDAP 2026 GOKHAN./IDAP 2026 GOKHAN/kodlar/base/6tisch-ng-sra/examples/tsch/rpl-udp/border-router-client/border-router-client.exp5438
[13:11:29 - main] [MspMote.java:235] [INFO] - Loading firmware from: /home/mavialp/Desktop/IDAP 2026 GOKHAN./IDAP 2026 GOKHAN/kodlar/base/6tisch-ng-sra/examples/tsch/rpl-udp/border-router-client/border-router-client.exp5438
[13:11:29 - main] [MspMote.java:235] [INFO] - Loading firmware from: /home/mavialp/Desktop/IDAP 2026 GOKHAN./IDAP 2026 GOKHAN/kodlar/base/6tisch-ng-sra/examples/tsch/rpl-udp/border-router-client/border-router-client.exp5438
[13:11:29 - main] [MspMote.java:235] [INFO] - Loading firmware from: /home/mavialp/Desktop/IDAP 2026 GOKHAN./IDAP 2026 GOKHAN/kodlar/base/6tisch-ng-sra/examples/tsch/rpl-udp/border-router-client/border-router-client.exp5438
[13:11:29 - main] [MspMote.java:235] [INFO] - Loading firmware from: /home/mavialp/Desktop/IDAP 2026 GOKHAN./IDAP 2026 GOKHAN/kodlar/base/6tisch-ng-sra/examples/tsch/rpl-udp/border-router-client/border-router-client.exp5438
[13:11:29 - main] [MspMote.java:235] [INFO] - Loading firmware from: /home/mavialp/Desktop/IDAP 2026 GOKHAN./IDAP 2026 GOKHAN/kodlar/base/6tisch-ng-sra/examples/tsch/rpl-udp/border-router-client/border-router-client.exp5438
[13:11:29 - main] [MspMote.java:235] [INFO] - Loading firmware from: /home/mavialp/Desktop/IDAP 2026 GOKHAN./IDAP 2026 GOKHAN/kodlar/base/6tisch-ng-sra/examples/tsch/rpl-udp/border-router-client/border-router-client.exp5438
[13:11:29 - main] [MspMote.java:235] [INFO] - Loading firmware from: /home/mavialp/Desktop/IDAP 2026 GOKHAN./IDAP 2026 GOKHAN/kodlar/base/6tisch-ng-sra/examples/tsch/rpl-udp/border-router-client/border-router-client.exp5438
[13:11:29 - main] [MspMote.java:235] [INFO] - Loading firmware from: /home/mavialp/Desktop/IDAP 2026 GOKHAN./IDAP 2026 GOKHAN/kodlar/base/6tisch-ng-sra/examples/tsch/rpl-udp/border-router-client/border-router-client.exp5438
[13:11:29 - main] [MspMote.java:235] [INFO] - Loading firmware from: /home/mavialp/Desktop/IDAP 2026 GOKHAN./IDAP 2026 GOKHAN/kodlar/base/6tisch-ng-sra/examples/tsch/rpl-udp/border-router-client/border-router-client.exp5438
[13:11:29 - main] [MspMote.java:235] [INFO] - Loading firmware from: /home/mavialp/Desktop/IDAP 2026 GOKHAN./IDAP 2026 GOKHAN/kodlar/base/6tisch-ng-sra/examples/tsch/rpl-udp/border-router-client/border-router-client.exp5438
[13:11:29 - main] [MspMote.java:235] [INFO] - Loading firmware from: /home/mavialp/Desktop/IDAP 2026 GOKHAN./IDAP 2026 GOKHAN/kodlar/base/6tisch-ng-sra/examples/tsch/rpl-udp/border-router-client/border-router-client.exp5438
[13:11:29 - main] [MspMote.java:235] [INFO] - Loading firmware from: /home/mavialp/Desktop/IDAP 2026 GOKHAN./IDAP 2026 GOKHAN/kodlar/base/6tisch-ng-sra/examples/tsch/rpl-udp/border-router-client/border-router-client.exp5438
[13:11:29 - main] [MspMote.java:235] [INFO] - Loading firmware from: /home/mavialp/Desktop/IDAP 2026 GOKHAN./IDAP 2026 GOKHAN/kodlar/base/6tisch-ng-sra/examples/tsch/rpl-udp/border-router-client/border-router-client.exp5438
[13:11:29 - main] [MspMote.java:235] [INFO] - Loading firmware from: /home/mavialp/Desktop/IDAP 2026 GOKHAN./IDAP 2026 GOKHAN/kodlar/base/6tisch-ng-sra/examples/tsch/rpl-udp/border-router-client/border-router-client.exp5438
[13:11:30 - main] [MspMote.java:235] [INFO] - Loading firmware from: /home/mavialp/Desktop/IDAP 2026 GOKHAN./IDAP 2026 GOKHAN/kodlar/base/6tisch-ng-sra/examples/tsch/rpl-udp/border-router-client/border-router-client.exp5438
[13:11:30 - main] [MspMote.java:235] [INFO] - Loading firmware from: /home/mavialp/Desktop/IDAP 2026 GOKHAN./IDAP 2026 GOKHAN/kodlar/base/6tisch-ng-sra/examples/tsch/rpl-udp/border-router-client/border-router-client.exp5438
[13:11:30 - main] [MspMote.java:235] [INFO] - Loading firmware from: /home/mavialp/Desktop/IDAP 2026 GOKHAN./IDAP 2026 GOKHAN/kodlar/base/6tisch-ng-sra/examples/tsch/rpl-udp/border-router-client/border-router-client.exp5438
[13:11:30 - main] [MspMote.java:235] [INFO] - Loading firmware from: /home/mavialp/Desktop/IDAP 2026 GOKHAN./IDAP 2026 GOKHAN/kodlar/base/6tisch-ng-sra/examples/tsch/rpl-udp/border-router-client/border-router-client.exp5438
[13:11:30 - main] [Cooja.java:1782] [INFO] - Visualized plugin was not started: class org.contikios.cooja.plugins.SimControl
[13:11:30 - main] [Cooja.java:1782] [INFO] - Visualized plugin was not started: class org.contikios.cooja.plugins.Visualizer
[13:11:30 - main] [Cooja.java:1782] [INFO] - Visualized plugin was not started: class org.contikios.cooja.plugins.LogListener
[13:11:30 - main] [Cooja.java:1782] [INFO] - Visualized plugin was not started: class org.contikios.cooja.plugins.TimeLine
[13:11:30 - main] [ScriptRunner.java:438] [INFO] - Test script deactivated
[13:11:30 - main] [LogScriptEngine.java:265] [INFO] - Script timeout in 7200000 ms
[13:11:30 - main] [ScriptRunner.java:395] [INFO] - Test script activated
[13:11:30 - Thread-1] [Simulation.java:253] [INFO] - Simulation main loop started, system time: 1784283090619
[13:14:17 - Thread-1] [LogScriptEngine.java:389] [INFO] - Test script at 5.00%, done in 3178.7 sec
[13:18:34 - Thread-1] [LogScriptEngine.java:389] [INFO] - Test script at 10.00%, done in 3819.3 sec
[13:26:47 - Thread-1] [LogScriptEngine.java:389] [INFO] - Test script at 15.00%, done in 5197.6 sec
[13:34:56 - Thread-1] [LogScriptEngine.java:389] [INFO] - Test script at 20.00%, done in 5625.0 sec
[13:42:52 - Thread-1] [LogScriptEngine.java:389] [INFO] - Test script at 25.00%, done in 5647.1 sec
[13:50:47 - Thread-1] [LogScriptEngine.java:389] [INFO] - Test script at 30.00%, done in 5498.4 sec
[13:58:52 - Thread-1] [LogScriptEngine.java:389] [INFO] - Test script at 35.00%, done in 5278.5 sec
[14:06:46 - Thread-1] [LogScriptEngine.java:389] [INFO] - Test script at 40.00%, done in 4974.3 sec
[14:14:41 - Thread-1] [LogScriptEngine.java:389] [INFO] - Test script at 45.00%, done in 4632.8 sec
[14:22:33 - Thread-1] [LogScriptEngine.java:389] [INFO] - Test script at 50.00%, done in 4262.4 sec
[14:22:33 - Thread-0] [LogScriptEngine.java:309] [INFO] - Test script finished
[14:22:33 - Thread-1] [Simulation.java:312] [INFO] - Simulation main loop stopped, system time: 1784287353088	Duration: 4262469 ms	Simulated time 3600003 ms	Ratio 0.8445816262827952
[14:22:33 - AWT-EventQueue-0] [ScriptRunner.java:438] [INFO] - Test script deactivated
